0 info it worked if it ends with ok
1 verbose cli [ 'C:\\Program Files (x86)\\nodejs\\\\node.exe',
1 verbose cli   'C:\\Program Files (x86)\\nodejs\\node_modules\\npm\\bin\\npm-cli.js',
1 verbose cli   'install',
1 verbose cli   'websocket' ]
2 info using npm@1.1.33
3 info using node@v0.8.1
4 verbose node symlink C:\Program Files (x86)\nodejs\\node.exe
5 verbose config file C:\Users\LallarN\.npmrc
6 verbose config file C:\Program Files (x86)\nodejs\etc\npmrc
7 verbose config file C:\Program Files (x86)\nodejs\node_modules\npm\npmrc
8 verbose read json C:\Users\LallarN\Documents\GitHub\HTML5-playground\connect4_node_server\package.json
9 verbose read json C:\Users\LallarN\Documents\GitHub\HTML5-playground\connect4_node_server\package.json
10 verbose cache add [ 'websocket', null ]
11 silly cache add name=undefined spec="websocket" args=["websocket",null]
12 verbose parsed url { pathname: 'websocket', path: 'websocket', href: 'websocket' }
13 verbose lock websocket C:\Users\LallarN\AppData\Roaming\npm-cache\67c371fd204fbcbf9742310d1a9d951bcca1aa86-websocket.lock
14 verbose addNamed [ 'websocket', '' ]
15 verbose addNamed [ null, '' ]
16 verbose lock websocket@ C:\Users\LallarN\AppData\Roaming\npm-cache\75462c7540430126462825f6d0c1e8e55d64f25d-websocket-.lock
17 silly addNameRange { name: 'websocket', range: '', hasData: false }
18 verbose url raw websocket
19 verbose url resolving [ 'https://registry.npmjs.org/', './websocket' ]
20 verbose url resolved https://registry.npmjs.org/websocket
21 info retry registry request attempt 1 at 22:26:01
22 http GET https://registry.npmjs.org/websocket
23 http 200 https://registry.npmjs.org/websocket
24 silly registry.get cb [ 200,
24 silly registry.get   { vary: 'Accept',
24 silly registry.get     server: 'CouchDB/1.2.0 (Erlang OTP/R15B)',
24 silly registry.get     etag: '"51EFHAGR5ABGKV9EPAIVDF5XQ"',
24 silly registry.get     date: 'Thu, 19 Jul 2012 20:26:02 GMT',
24 silly registry.get     'content-type': 'application/json',
24 silly registry.get     'content-length': '37466' } ]
25 silly addNameRange number 2 { name: 'websocket', range: '', hasData: true }
26 silly addNameRange versions [ 'websocket',
26 silly addNameRange   [ '0.0.1',
26 silly addNameRange     '0.0.2',
26 silly addNameRange     '0.0.3',
26 silly addNameRange     '0.0.4',
26 silly addNameRange     '0.0.5',
26 silly addNameRange     '0.0.6',
26 silly addNameRange     '0.0.7',
26 silly addNameRange     '0.0.8',
26 silly addNameRange     '0.0.9',
26 silly addNameRange     '0.0.10',
26 silly addNameRange     '0.0.11',
26 silly addNameRange     '0.0.12',
26 silly addNameRange     '0.0.13',
26 silly addNameRange     '0.0.14',
26 silly addNameRange     '0.0.15',
26 silly addNameRange     '0.0.16',
26 silly addNameRange     '0.0.17',
26 silly addNameRange     '0.0.18',
26 silly addNameRange     '0.0.19',
26 silly addNameRange     '0.0.20',
26 silly addNameRange     '1.0.0',
26 silly addNameRange     '1.0.1',
26 silly addNameRange     '1.0.2',
26 silly addNameRange     '1.0.3',
26 silly addNameRange     '1.0.4',
26 silly addNameRange     '1.0.5',
26 silly addNameRange     '1.0.6' ] ]
27 verbose addNamed [ 'websocket', '1.0.6' ]
28 verbose addNamed [ '1.0.6', '1.0.6' ]
29 verbose lock websocket@1.0.6 C:\Users\LallarN\AppData\Roaming\npm-cache\f791cd005f84e74aeba3407e6f8a17b9c870d707-websocket-1-0-6.lock
30 verbose lock https://registry.npmjs.org/websocket/-/websocket-1.0.6.tgz C:\Users\LallarN\AppData\Roaming\npm-cache\318b8fae74a77f52112f002115eeef73269d38d2-https-registry-npmjs-org-websocket-websocket-1-0-6-tgz.lock
31 verbose addRemoteTarball [ 'https://registry.npmjs.org/websocket/-/websocket-1.0.6.tgz',
31 verbose addRemoteTarball   '47bc747bdbad3fa7c83978bf86293b4683340d1c' ]
32 info retry fetch attempt 1 at 22:26:03
33 verbose fetch to= C:\Users\LallarN\AppData\Local\Temp\npm-2588\1342729563113-0.6879557583015412\tmp.tgz
34 http GET https://registry.npmjs.org/websocket/-/websocket-1.0.6.tgz
35 http 200 https://registry.npmjs.org/websocket/-/websocket-1.0.6.tgz
36 silly shasum updated bytes 40960
37 silly shasum updated bytes 40960
38 silly shasum updated bytes 40960
39 silly shasum updated bytes 40960
40 silly shasum updated bytes 40960
41 silly shasum updated bytes 26481
42 info shasum 47bc747bdbad3fa7c83978bf86293b4683340d1c
42 info shasum C:\Users\LallarN\AppData\Local\Temp\npm-2588\1342729563113-0.6879557583015412\tmp.tgz
43 verbose tar unpack C:\Users\LallarN\AppData\Local\Temp\npm-2588\1342729563113-0.6879557583015412\tmp.tgz
44 silly gunzTarPerm modes [ '755', '644' ]
45 silly gunzTarPerm extractEntry binding.gyp
46 silly gunzTarPerm extractEntry build/
47 silly gunzTarPerm extractEntry build/Release/
48 silly gunzTarPerm extractEntry build/Release/.deps/
49 silly gunzTarPerm extractEntry build/Release/.deps/Release/
50 silly gunzTarPerm extractEntry build/Release/.deps/Release/obj.target/
51 silly gunzTarPerm extractEntry build/Release/.deps/Release/obj.target/validation/
52 silly gunzTarPerm extractEntry build/Release/.deps/Release/obj.target/validation/src/
53 silly gunzTarPerm extractEntry build/Release/.deps/Release/obj.target/validation/src/validation.o.d
54 silly gunzTarPerm extractEntry build/Release/.deps/Release/validation.node.d
55 silly gunzTarPerm extractEntry example/
56 silly gunzTarPerm extractEntry example/whiteboard/
57 silly gunzTarPerm extractEntry example/whiteboard/node_modules/
58 silly gunzTarPerm extractEntry example/whiteboard/node_modules/ejs/
59 silly gunzTarPerm extractEntry example/whiteboard/node_modules/ejs/.gitmodules
60 silly gunzTarPerm extractEntry example/whiteboard/node_modules/ejs/.npmignore
61 silly gunzTarPerm extractEntry example/whiteboard/node_modules/ejs/benchmark.js
62 silly gunzTarPerm extractEntry example/whiteboard/node_modules/ejs/ejs.js
63 silly gunzTarPerm extractEntry example/whiteboard/node_modules/ejs/ejs.min.js
64 silly gunzTarPerm extractEntry example/whiteboard/node_modules/ejs/examples/
65 silly gunzTarPerm extractEntry example/whiteboard/node_modules/ejs/examples/client.html
66 silly gunzTarPerm extractEntry example/whiteboard/node_modules/ejs/examples/list.ejs
67 silly gunzTarPerm extractEntry example/whiteboard/node_modules/ejs/examples/list.js
68 silly gunzTarPerm extractEntry example/whiteboard/node_modules/ejs/History.md
69 silly gunzTarPerm extractEntry example/whiteboard/node_modules/ejs/index.js
70 silly gunzTarPerm extractEntry example/whiteboard/node_modules/ejs/lib/
71 silly gunzTarPerm extractEntry example/whiteboard/node_modules/ejs/lib/ejs.js
72 silly gunzTarPerm extractEntry example/whiteboard/node_modules/ejs/lib/filters.js
73 silly gunzTarPerm extractEntry example/whiteboard/node_modules/ejs/lib/utils.js
74 silly gunzTarPerm extractEntry example/whiteboard/node_modules/ejs/Makefile
75 silly gunzTarPerm extractEntry example/whiteboard/node_modules/ejs/package.json
76 silly gunzTarPerm extractEntry example/whiteboard/node_modules/ejs/Readme.md
77 silly gunzTarPerm extractEntry example/whiteboard/node_modules/ejs/support/
78 silly gunzTarPerm extractEntry example/whiteboard/node_modules/ejs/support/compile.js
79 silly gunzTarPerm extractEntry example/whiteboard/node_modules/ejs/support/expresso/
80 silly gunzTarPerm extractEntry example/whiteboard/node_modules/ejs/support/expresso/.gitmodules
81 silly gunzTarPerm extractEntry example/whiteboard/node_modules/ejs/support/expresso/.npmignore
82 silly gunzTarPerm extractEntry example/whiteboard/node_modules/ejs/support/expresso/bin/
83 silly gunzTarPerm extractEntry example/whiteboard/node_modules/ejs/support/expresso/bin/expresso
84 silly gunzTarPerm extractEntry example/whiteboard/node_modules/ejs/support/expresso/docs/
85 silly gunzTarPerm extractEntry example/whiteboard/node_modules/ejs/support/expresso/docs/api.html
86 silly gunzTarPerm extractEntry example/whiteboard/node_modules/ejs/support/expresso/docs/index.html
87 silly gunzTarPerm extractEntry example/whiteboard/node_modules/ejs/support/expresso/docs/index.md
88 silly gunzTarPerm extractEntry example/whiteboard/node_modules/ejs/support/expresso/docs/layout/
89 silly gunzTarPerm extractEntry example/whiteboard/node_modules/ejs/support/expresso/docs/layout/foot.html
90 silly gunzTarPerm extractEntry example/whiteboard/node_modules/ejs/support/expresso/docs/layout/head.html
91 silly gunzTarPerm extractEntry example/whiteboard/node_modules/ejs/support/expresso/History.md
92 silly gunzTarPerm extractEntry example/whiteboard/node_modules/ejs/support/expresso/lib/
93 silly gunzTarPerm extractEntry example/whiteboard/node_modules/ejs/support/expresso/lib/bar.js
94 silly gunzTarPerm extractEntry example/whiteboard/node_modules/ejs/support/expresso/lib/foo.js
95 silly gunzTarPerm extractEntry example/whiteboard/node_modules/ejs/support/expresso/Makefile
96 silly gunzTarPerm extractEntry example/whiteboard/node_modules/ejs/support/expresso/package.json
97 silly gunzTarPerm extractEntry example/whiteboard/node_modules/ejs/support/expresso/Readme.md
98 silly gunzTarPerm extractEntry example/whiteboard/node_modules/ejs/support/expresso/test/
99 silly gunzTarPerm extractEntry example/whiteboard/node_modules/ejs/support/expresso/test/assert.test.js
100 silly gunzTarPerm extractEntry example/whiteboard/node_modules/ejs/support/expresso/test/async.test.js
101 silly gunzTarPerm extractEntry example/whiteboard/node_modules/ejs/support/expresso/test/bar.test.js
102 silly gunzTarPerm extractEntry example/whiteboard/node_modules/ejs/support/expresso/test/foo.test.js
103 silly gunzTarPerm extractEntry example/whiteboard/node_modules/ejs/support/expresso/test/http.test.js
104 silly gunzTarPerm extractEntry example/whiteboard/node_modules/ejs/test/
105 silly gunzTarPerm extractEntry example/whiteboard/node_modules/ejs/test/ejs.test.js
106 silly gunzTarPerm extractEntry example/whiteboard/node_modules/express/
107 silly gunzTarPerm extractEntry example/whiteboard/node_modules/express/.npmignore
108 silly gunzTarPerm extractEntry example/whiteboard/node_modules/express/bin/
109 silly gunzTarPerm extractEntry example/whiteboard/node_modules/express/bin/express
110 silly gunzTarPerm extractEntry example/whiteboard/node_modules/express/History.md
111 silly gunzTarPerm extractEntry example/whiteboard/node_modules/express/index.js
112 silly gunzTarPerm extractEntry example/whiteboard/node_modules/express/lib/
113 silly gunzTarPerm extractEntry example/whiteboard/node_modules/express/lib/express.js
114 silly gunzTarPerm extractEntry example/whiteboard/node_modules/express/lib/http.js
115 silly gunzTarPerm extractEntry example/whiteboard/node_modules/express/lib/https.js
116 silly gunzTarPerm extractEntry example/whiteboard/node_modules/express/lib/request.js
117 silly gunzTarPerm extractEntry example/whiteboard/node_modules/express/lib/response.js
118 silly gunzTarPerm extractEntry example/whiteboard/node_modules/express/lib/router/
119 silly gunzTarPerm extractEntry example/whiteboard/node_modules/express/lib/router/collection.js
120 silly gunzTarPerm extractEntry example/whiteboard/node_modules/express/lib/router/index.js
121 silly gunzTarPerm extractEntry example/whiteboard/node_modules/express/lib/router/methods.js
122 silly gunzTarPerm extractEntry example/whiteboard/node_modules/express/lib/router/route.js
123 silly gunzTarPerm extractEntry example/whiteboard/node_modules/express/lib/utils.js
124 silly gunzTarPerm extractEntry example/whiteboard/node_modules/express/lib/view/
125 silly gunzTarPerm extractEntry example/whiteboard/node_modules/express/lib/view/partial.js
126 silly gunzTarPerm extractEntry example/whiteboard/node_modules/express/lib/view/view.js
127 silly gunzTarPerm extractEntry example/whiteboard/node_modules/express/lib/view.js
128 silly gunzTarPerm extractEntry example/whiteboard/node_modules/express/LICENSE
129 silly gunzTarPerm extractEntry example/whiteboard/node_modules/express/Makefile
130 silly gunzTarPerm extractEntry example/whiteboard/node_modules/express/node_modules/
131 silly gunzTarPerm extractEntry example/whiteboard/node_modules/express/node_modules/connect/
132 silly gunzTarPerm extractEntry example/whiteboard/node_modules/express/node_modules/connect/.npmignore
133 silly gunzTarPerm extractEntry example/whiteboard/node_modules/express/node_modules/connect/index.js
134 silly gunzTarPerm extractEntry example/whiteboard/node_modules/express/node_modules/connect/lib/
135 silly gunzTarPerm extractEntry example/whiteboard/node_modules/express/node_modules/connect/lib/cache.js
136 silly gunzTarPerm extractEntry example/whiteboard/node_modules/express/node_modules/connect/lib/connect.js
137 silly gunzTarPerm extractEntry example/whiteboard/node_modules/express/node_modules/connect/lib/http.js
138 silly gunzTarPerm extractEntry example/whiteboard/node_modules/express/node_modules/connect/lib/https.js
139 silly gunzTarPerm extractEntry example/whiteboard/node_modules/express/node_modules/connect/lib/index.js
140 silly gunzTarPerm extractEntry example/whiteboard/node_modules/express/node_modules/connect/lib/middleware/
141 silly gunzTarPerm extractEntry example/whiteboard/node_modules/express/node_modules/connect/lib/middleware/basicAuth.js
142 silly gunzTarPerm extractEntry example/whiteboard/node_modules/express/node_modules/connect/lib/middleware/bodyParser.js
143 silly gunzTarPerm extractEntry example/whiteboard/node_modules/express/node_modules/connect/lib/middleware/compiler.js
144 silly gunzTarPerm extractEntry example/whiteboard/node_modules/express/node_modules/connect/lib/middleware/cookieParser.js
145 silly gunzTarPerm extractEntry example/whiteboard/node_modules/express/node_modules/connect/lib/middleware/csrf.js
146 silly gunzTarPerm extractEntry example/whiteboard/node_modules/express/node_modules/connect/lib/middleware/directory.js
147 silly gunzTarPerm extractEntry example/whiteboard/node_modules/express/node_modules/connect/lib/middleware/errorHandler.js
148 silly gunzTarPerm extractEntry example/whiteboard/node_modules/express/node_modules/connect/lib/middleware/favicon.js
149 silly gunzTarPerm extractEntry example/whiteboard/node_modules/express/node_modules/connect/lib/middleware/limit.js
150 silly gunzTarPerm extractEntry example/whiteboard/node_modules/express/node_modules/connect/lib/middleware/logger.js
151 silly gunzTarPerm extractEntry example/whiteboard/node_modules/express/node_modules/connect/lib/middleware/methodOverride.js
152 silly gunzTarPerm extractEntry example/whiteboard/node_modules/express/node_modules/connect/lib/middleware/profiler.js
153 silly gunzTarPerm extractEntry example/whiteboard/node_modules/express/node_modules/connect/lib/middleware/query.js
154 silly gunzTarPerm extractEntry example/whiteboard/node_modules/express/node_modules/connect/lib/middleware/responseTime.js
155 silly gunzTarPerm extractEntry example/whiteboard/node_modules/express/node_modules/connect/lib/middleware/router.js
156 silly gunzTarPerm extractEntry example/whiteboard/node_modules/express/node_modules/connect/lib/middleware/session/
157 silly gunzTarPerm extractEntry example/whiteboard/node_modules/express/node_modules/connect/lib/middleware/session/cookie.js
158 silly gunzTarPerm extractEntry example/whiteboard/node_modules/express/node_modules/connect/lib/middleware/session/memory.js
159 silly gunzTarPerm extractEntry example/whiteboard/node_modules/express/node_modules/connect/lib/middleware/session/session.js
160 silly gunzTarPerm extractEntry example/whiteboard/node_modules/express/node_modules/connect/lib/middleware/session/store.js
161 silly gunzTarPerm extractEntry example/whiteboard/node_modules/express/node_modules/connect/lib/middleware/session.js
162 silly gunzTarPerm extractEntry example/whiteboard/node_modules/express/node_modules/connect/lib/middleware/static.js
163 silly gunzTarPerm extractEntry example/whiteboard/node_modules/express/node_modules/connect/lib/middleware/staticCache.js
164 silly gunzTarPerm extractEntry example/whiteboard/node_modules/express/node_modules/connect/lib/middleware/vhost.js
165 silly gunzTarPerm extractEntry example/whiteboard/node_modules/express/node_modules/connect/lib/patch.js
166 silly gunzTarPerm extractEntry example/whiteboard/node_modules/express/node_modules/connect/lib/public/
167 silly gunzTarPerm extractEntry example/whiteboard/node_modules/express/node_modules/connect/lib/public/directory.html
168 silly gunzTarPerm extractEntry example/whiteboard/node_modules/express/node_modules/connect/lib/public/error.html
169 silly gunzTarPerm extractEntry example/whiteboard/node_modules/express/node_modules/connect/lib/public/favicon.ico
170 silly gunzTarPerm extractEntry example/whiteboard/node_modules/express/node_modules/connect/lib/public/icons/
171 silly gunzTarPerm extractEntry example/whiteboard/node_modules/express/node_modules/connect/lib/public/icons/page.png
172 silly gunzTarPerm extractEntry example/whiteboard/node_modules/express/node_modules/connect/lib/public/icons/page_add.png
173 silly gunzTarPerm extractEntry example/whiteboard/node_modules/express/node_modules/connect/lib/public/icons/page_attach.png
174 silly gunzTarPerm extractEntry example/whiteboard/node_modules/express/node_modules/connect/lib/public/icons/page_code.png
175 silly gunzTarPerm extractEntry example/whiteboard/node_modules/express/node_modules/connect/lib/public/icons/page_copy.png
176 silly gunzTarPerm extractEntry example/whiteboard/node_modules/express/node_modules/connect/lib/public/icons/page_delete.png
177 silly gunzTarPerm extractEntry example/whiteboard/node_modules/express/node_modules/connect/lib/public/icons/page_edit.png
178 silly gunzTarPerm extractEntry example/whiteboard/node_modules/express/node_modules/connect/lib/public/icons/page_error.png
179 silly gunzTarPerm extractEntry example/whiteboard/node_modules/express/node_modules/connect/lib/public/icons/page_excel.png
180 silly gunzTarPerm extractEntry example/whiteboard/node_modules/express/node_modules/connect/lib/public/icons/page_find.png
181 silly gunzTarPerm extractEntry example/whiteboard/node_modules/express/node_modules/connect/lib/public/icons/page_gear.png
182 silly gunzTarPerm extractEntry example/whiteboard/node_modules/express/node_modules/connect/lib/public/icons/page_go.png
183 silly gunzTarPerm extractEntry example/whiteboard/node_modules/express/node_modules/connect/lib/public/icons/page_green.png
184 silly gunzTarPerm extractEntry example/whiteboard/node_modules/express/node_modules/connect/lib/public/icons/page_key.png
185 silly gunzTarPerm extractEntry example/whiteboard/node_modules/express/node_modules/connect/lib/public/icons/page_lightning.png
186 silly gunzTarPerm extractEntry example/whiteboard/node_modules/express/node_modules/connect/lib/public/icons/page_link.png
187 silly gunzTarPerm extractEntry example/whiteboard/node_modules/express/node_modules/connect/lib/public/icons/page_paintbrush.png
188 silly gunzTarPerm extractEntry example/whiteboard/node_modules/express/node_modules/connect/lib/public/icons/page_paste.png
189 silly gunzTarPerm extractEntry example/whiteboard/node_modules/express/node_modules/connect/lib/public/icons/page_red.png
190 silly gunzTarPerm extractEntry example/whiteboard/node_modules/express/node_modules/connect/lib/public/icons/page_refresh.png
191 silly gunzTarPerm extractEntry example/whiteboard/node_modules/express/node_modules/connect/lib/public/icons/page_save.png
192 silly gunzTarPerm extractEntry example/whiteboard/node_modules/express/node_modules/connect/lib/public/icons/page_white.png
193 silly gunzTarPerm extractEntry example/whiteboard/node_modules/express/node_modules/connect/lib/public/icons/page_white_acrobat.png
194 silly gunzTarPerm extractEntry example/whiteboard/node_modules/express/node_modules/connect/lib/public/icons/page_white_actionscript.png
195 silly gunzTarPerm extractEntry example/whiteboard/node_modules/express/node_modules/connect/lib/public/icons/page_white_add.png
196 silly gunzTarPerm extractEntry example/whiteboard/node_modules/express/node_modules/connect/lib/public/icons/page_white_c.png
197 silly gunzTarPerm extractEntry example/whiteboard/node_modules/express/node_modules/connect/lib/public/icons/page_white_camera.png
198 silly gunzTarPerm extractEntry example/whiteboard/node_modules/express/node_modules/connect/lib/public/icons/page_white_cd.png
199 silly gunzTarPerm extractEntry example/whiteboard/node_modules/express/node_modules/connect/lib/public/icons/page_white_code.png
200 silly gunzTarPerm extractEntry example/whiteboard/node_modules/express/node_modules/connect/lib/public/icons/page_white_code_red.png
201 silly gunzTarPerm extractEntry example/whiteboard/node_modules/express/node_modules/connect/lib/public/icons/page_white_coldfusion.png
202 silly gunzTarPerm extractEntry example/whiteboard/node_modules/express/node_modules/connect/lib/public/icons/page_white_compressed.png
203 silly gunzTarPerm extractEntry example/whiteboard/node_modules/express/node_modules/connect/lib/public/icons/page_white_copy.png
204 silly gunzTarPerm extractEntry example/whiteboard/node_modules/express/node_modules/connect/lib/public/icons/page_white_cplusplus.png
205 silly gunzTarPerm extractEntry example/whiteboard/node_modules/express/node_modules/connect/lib/public/icons/page_white_csharp.png
206 silly gunzTarPerm extractEntry example/whiteboard/node_modules/express/node_modules/connect/lib/public/icons/page_white_cup.png
207 silly gunzTarPerm extractEntry example/whiteboard/node_modules/express/node_modules/connect/lib/public/icons/page_white_database.png
208 silly gunzTarPerm extractEntry example/whiteboard/node_modules/express/node_modules/connect/lib/public/icons/page_white_delete.png
209 silly gunzTarPerm extractEntry example/whiteboard/node_modules/express/node_modules/connect/lib/public/icons/page_white_dvd.png
210 silly gunzTarPerm extractEntry example/whiteboard/node_modules/express/node_modules/connect/lib/public/icons/page_white_edit.png
211 silly gunzTarPerm extractEntry example/whiteboard/node_modules/express/node_modules/connect/lib/public/icons/page_white_error.png
212 silly gunzTarPerm extractEntry example/whiteboard/node_modules/express/node_modules/connect/lib/public/icons/page_white_excel.png
213 silly gunzTarPerm extractEntry example/whiteboard/node_modules/express/node_modules/connect/lib/public/icons/page_white_find.png
214 silly gunzTarPerm extractEntry example/whiteboard/node_modules/express/node_modules/connect/lib/public/icons/page_white_flash.png
215 silly gunzTarPerm extractEntry example/whiteboard/node_modules/express/node_modules/connect/lib/public/icons/page_white_freehand.png
216 silly gunzTarPerm extractEntry example/whiteboard/node_modules/express/node_modules/connect/lib/public/icons/page_white_gear.png
217 silly gunzTarPerm extractEntry example/whiteboard/node_modules/express/node_modules/connect/lib/public/icons/page_white_get.png
218 silly gunzTarPerm extractEntry example/whiteboard/node_modules/express/node_modules/connect/lib/public/icons/page_white_go.png
219 silly gunzTarPerm extractEntry example/whiteboard/node_modules/express/node_modules/connect/lib/public/icons/page_white_h.png
220 silly gunzTarPerm extractEntry example/whiteboard/node_modules/express/node_modules/connect/lib/public/icons/page_white_horizontal.png
221 silly gunzTarPerm extractEntry example/whiteboard/node_modules/express/node_modules/connect/lib/public/icons/page_white_key.png
222 silly gunzTarPerm extractEntry example/whiteboard/node_modules/express/node_modules/connect/lib/public/icons/page_white_lightning.png
223 silly gunzTarPerm extractEntry example/whiteboard/node_modules/express/node_modules/connect/lib/public/icons/page_white_link.png
224 silly gunzTarPerm extractEntry example/whiteboard/node_modules/express/node_modules/connect/lib/public/icons/page_white_magnify.png
225 silly gunzTarPerm extractEntry example/whiteboard/node_modules/express/node_modules/connect/lib/public/icons/page_white_medal.png
226 silly gunzTarPerm extractEntry example/whiteboard/node_modules/express/node_modules/connect/lib/public/icons/page_white_office.png
227 silly gunzTarPerm extractEntry example/whiteboard/node_modules/express/node_modules/connect/lib/public/icons/page_white_paint.png
228 silly gunzTarPerm extractEntry example/whiteboard/node_modules/express/node_modules/connect/lib/public/icons/page_white_paintbrush.png
229 silly gunzTarPerm extractEntry example/whiteboard/node_modules/express/node_modules/connect/lib/public/icons/page_white_paste.png
230 silly gunzTarPerm extractEntry example/whiteboard/node_modules/express/node_modules/connect/lib/public/icons/page_white_php.png
231 silly gunzTarPerm extractEntry example/whiteboard/node_modules/express/node_modules/connect/lib/public/icons/page_white_picture.png
232 silly gunzTarPerm extractEntry example/whiteboard/node_modules/express/node_modules/connect/lib/public/icons/page_white_powerpoint.png
233 silly gunzTarPerm extractEntry example/whiteboard/node_modules/express/node_modules/connect/lib/public/icons/page_white_put.png
234 silly gunzTarPerm extractEntry example/whiteboard/node_modules/express/node_modules/connect/lib/public/icons/page_white_ruby.png
235 silly gunzTarPerm extractEntry example/whiteboard/node_modules/express/node_modules/connect/lib/public/icons/page_white_stack.png
236 silly gunzTarPerm extractEntry example/whiteboard/node_modules/express/node_modules/connect/lib/public/icons/page_white_star.png
237 silly gunzTarPerm extractEntry example/whiteboard/node_modules/express/node_modules/connect/lib/public/icons/page_white_swoosh.png
238 silly gunzTarPerm extractEntry example/whiteboard/node_modules/express/node_modules/connect/lib/public/icons/page_white_text.png
239 silly gunzTarPerm extractEntry example/whiteboard/node_modules/express/node_modules/connect/lib/public/icons/page_white_text_width.png
240 silly gunzTarPerm extractEntry example/whiteboard/node_modules/express/node_modules/connect/lib/public/icons/page_white_tux.png
241 silly gunzTarPerm extractEntry example/whiteboard/node_modules/express/node_modules/connect/lib/public/icons/page_white_vector.png
242 silly gunzTarPerm extractEntry example/whiteboard/node_modules/express/node_modules/connect/lib/public/icons/page_white_visualstudio.png
243 silly gunzTarPerm extractEntry example/whiteboard/node_modules/express/node_modules/connect/lib/public/icons/page_white_width.png
244 silly gunzTarPerm extractEntry example/whiteboard/node_modules/express/node_modules/connect/lib/public/icons/page_white_word.png
245 silly gunzTarPerm extractEntry example/whiteboard/node_modules/express/node_modules/connect/lib/public/icons/page_white_world.png
246 silly gunzTarPerm extractEntry example/whiteboard/node_modules/express/node_modules/connect/lib/public/icons/page_white_wrench.png
247 silly gunzTarPerm extractEntry example/whiteboard/node_modules/express/node_modules/connect/lib/public/icons/page_white_zip.png
248 silly gunzTarPerm extractEntry example/whiteboard/node_modules/express/node_modules/connect/lib/public/icons/page_word.png
249 silly gunzTarPerm extractEntry example/whiteboard/node_modules/express/node_modules/connect/lib/public/icons/page_world.png
250 silly gunzTarPerm extractEntry example/whiteboard/node_modules/express/node_modules/connect/lib/public/style.css
251 silly gunzTarPerm extractEntry example/whiteboard/node_modules/express/node_modules/connect/lib/utils.js
252 silly gunzTarPerm extractEntry example/whiteboard/node_modules/express/node_modules/connect/LICENSE
253 silly gunzTarPerm extractEntry example/whiteboard/node_modules/express/node_modules/connect/node_modules/
254 silly gunzTarPerm extractEntry example/whiteboard/node_modules/express/node_modules/connect/node_modules/formidable/
255 silly gunzTarPerm extractEntry example/whiteboard/node_modules/express/node_modules/connect/node_modules/formidable/..travis.yml.un~
256 silly gunzTarPerm extractEntry example/whiteboard/node_modules/express/node_modules/connect/node_modules/formidable/.npmignore
257 silly gunzTarPerm extractEntry example/whiteboard/node_modules/express/node_modules/connect/node_modules/formidable/.package.json.un~
258 silly gunzTarPerm extractEntry example/whiteboard/node_modules/express/node_modules/connect/node_modules/formidable/.Readme.md.un~
259 silly gunzTarPerm extractEntry example/whiteboard/node_modules/express/node_modules/connect/node_modules/formidable/.travis.yml
260 silly gunzTarPerm extractEntry example/whiteboard/node_modules/express/node_modules/connect/node_modules/formidable/benchmark/
261 silly gunzTarPerm extractEntry example/whiteboard/node_modules/express/node_modules/connect/node_modules/formidable/benchmark/bench-multipart-parser.js
262 silly gunzTarPerm extractEntry example/whiteboard/node_modules/express/node_modules/connect/node_modules/formidable/example/
263 silly gunzTarPerm extractEntry example/whiteboard/node_modules/express/node_modules/connect/node_modules/formidable/example/post.js
264 silly gunzTarPerm extractEntry example/whiteboard/node_modules/express/node_modules/connect/node_modules/formidable/example/upload.js
265 silly gunzTarPerm extractEntry example/whiteboard/node_modules/express/node_modules/connect/node_modules/formidable/index.js
266 silly gunzTarPerm extractEntry example/whiteboard/node_modules/express/node_modules/connect/node_modules/formidable/lib/
267 silly gunzTarPerm extractEntry example/whiteboard/node_modules/express/node_modules/connect/node_modules/formidable/lib/.incoming_form.js.un~
268 silly gunzTarPerm extractEntry example/whiteboard/node_modules/express/node_modules/connect/node_modules/formidable/lib/file.js
269 silly gunzTarPerm extractEntry example/whiteboard/node_modules/express/node_modules/connect/node_modules/formidable/lib/incoming_form.js
270 silly gunzTarPerm extractEntry example/whiteboard/node_modules/express/node_modules/connect/node_modules/formidable/lib/index.js
271 silly gunzTarPerm extractEntry example/whiteboard/node_modules/express/node_modules/connect/node_modules/formidable/lib/multipart_parser.js
272 silly gunzTarPerm extractEntry example/whiteboard/node_modules/express/node_modules/connect/node_modules/formidable/lib/querystring_parser.js
273 silly gunzTarPerm extractEntry example/whiteboard/node_modules/express/node_modules/connect/node_modules/formidable/lib/util.js
274 silly gunzTarPerm extractEntry example/whiteboard/node_modules/express/node_modules/connect/node_modules/formidable/Makefile
275 silly gunzTarPerm extractEntry example/whiteboard/node_modules/express/node_modules/connect/node_modules/formidable/package.json
276 silly gunzTarPerm extractEntry example/whiteboard/node_modules/express/node_modules/connect/node_modules/formidable/Readme.md
277 silly gunzTarPerm extractEntry example/whiteboard/node_modules/express/node_modules/connect/node_modules/formidable/test/
278 silly gunzTarPerm extractEntry example/whiteboard/node_modules/express/node_modules/connect/node_modules/formidable/test/.common.js.un~
279 silly gunzTarPerm extractEntry example/whiteboard/node_modules/express/node_modules/connect/node_modules/formidable/test/.run.js.un~
280 silly gunzTarPerm extractEntry example/whiteboard/node_modules/express/node_modules/connect/node_modules/formidable/test/common.js
281 silly gunzTarPerm extractEntry example/whiteboard/node_modules/express/node_modules/connect/node_modules/formidable/test/fixture/
282 silly gunzTarPerm extractEntry example/whiteboard/node_modules/express/node_modules/connect/node_modules/formidable/test/fixture/file/
283 silly gunzTarPerm extractEntry example/whiteboard/node_modules/express/node_modules/connect/node_modules/formidable/test/fixture/file/funkyfilename.txt
284 silly gunzTarPerm extractEntry example/whiteboard/node_modules/express/node_modules/connect/node_modules/formidable/test/fixture/file/plain.txt
285 silly gunzTarPerm extractEntry example/whiteboard/node_modules/express/node_modules/connect/node_modules/formidable/test/fixture/http/
286 silly gunzTarPerm extractEntry example/whiteboard/node_modules/express/node_modules/connect/node_modules/formidable/test/fixture/http/special-chars-in-filename/
287 silly gunzTarPerm extractEntry example/whiteboard/node_modules/express/node_modules/connect/node_modules/formidable/test/fixture/http/special-chars-in-filename/info.md
288 silly gunzTarPerm extractEntry example/whiteboard/node_modules/express/node_modules/connect/node_modules/formidable/test/fixture/js/
289 silly gunzTarPerm extractEntry example/whiteboard/node_modules/express/node_modules/connect/node_modules/formidable/test/fixture/js/.special-chars-in-filename.js.un~
290 silly gunzTarPerm extractEntry example/whiteboard/node_modules/express/node_modules/connect/node_modules/formidable/test/fixture/js/no-filename.js
291 silly gunzTarPerm extractEntry example/whiteboard/node_modules/express/node_modules/connect/node_modules/formidable/test/fixture/js/special-chars-in-filename.js
292 silly gunzTarPerm extractEntry example/whiteboard/node_modules/express/node_modules/connect/node_modules/formidable/test/fixture/multipart.js
293 silly gunzTarPerm extractEntry example/whiteboard/node_modules/express/node_modules/connect/node_modules/formidable/test/integration/
294 silly gunzTarPerm extractEntry example/whiteboard/node_modules/express/node_modules/connect/node_modules/formidable/test/integration/.test-fixtures.js.un~
295 silly gunzTarPerm extractEntry example/whiteboard/node_modules/express/node_modules/connect/node_modules/formidable/test/integration/test-fixtures.js
296 silly gunzTarPerm extractEntry example/whiteboard/node_modules/express/node_modules/connect/node_modules/formidable/test/legacy/
297 silly gunzTarPerm extractEntry example/whiteboard/node_modules/express/node_modules/connect/node_modules/formidable/test/legacy/common.js
298 silly gunzTarPerm extractEntry example/whiteboard/node_modules/express/node_modules/connect/node_modules/formidable/test/legacy/integration/
299 silly gunzTarPerm extractEntry example/whiteboard/node_modules/express/node_modules/connect/node_modules/formidable/test/legacy/integration/test-multipart-parser.js
300 silly gunzTarPerm extractEntry example/whiteboard/node_modules/express/node_modules/connect/node_modules/formidable/test/legacy/simple/
301 silly gunzTarPerm extractEntry example/whiteboard/node_modules/express/node_modules/connect/node_modules/formidable/test/legacy/simple/test-file.js
302 silly gunzTarPerm extractEntry example/whiteboard/node_modules/express/node_modules/connect/node_modules/formidable/test/legacy/simple/test-incoming-form.js
303 silly gunzTarPerm extractEntry example/whiteboard/node_modules/express/node_modules/connect/node_modules/formidable/test/legacy/simple/test-multipart-parser.js
304 silly gunzTarPerm extractEntry example/whiteboard/node_modules/express/node_modules/connect/node_modules/formidable/test/legacy/simple/test-querystring-parser.js
305 silly gunzTarPerm extractEntry example/whiteboard/node_modules/express/node_modules/connect/node_modules/formidable/test/legacy/system/
306 silly gunzTarPerm extractEntry example/whiteboard/node_modules/express/node_modules/connect/node_modules/formidable/test/legacy/system/test-multi-video-upload.js
307 silly gunzTarPerm extractEntry example/whiteboard/node_modules/express/node_modules/connect/node_modules/formidable/test/run.js
308 silly gunzTarPerm extractEntry example/whiteboard/node_modules/express/node_modules/connect/node_modules/formidable/test/tmp/
309 silly gunzTarPerm extractEntry example/whiteboard/node_modules/express/node_modules/connect/node_modules/formidable/test/tmp/.empty
310 silly gunzTarPerm extractEntry example/whiteboard/node_modules/express/node_modules/connect/node_modules/formidable/test/unit/
311 silly gunzTarPerm extractEntry example/whiteboard/node_modules/express/node_modules/connect/node_modules/formidable/test/unit/.test-incoming-form.js.un~
312 silly gunzTarPerm extractEntry example/whiteboard/node_modules/express/node_modules/connect/node_modules/formidable/test/unit/test-incoming-form.js
313 silly gunzTarPerm extractEntry example/whiteboard/node_modules/express/node_modules/connect/node_modules/formidable/TODO
314 silly gunzTarPerm extractEntry example/whiteboard/node_modules/express/node_modules/connect/node_modules/formidable/tool/
315 silly gunzTarPerm extractEntry example/whiteboard/node_modules/express/node_modules/connect/node_modules/formidable/tool/record.js
316 silly gunzTarPerm extractEntry example/whiteboard/node_modules/express/node_modules/connect/package.json
317 silly gunzTarPerm extractEntry example/whiteboard/node_modules/express/node_modules/connect/test.js
318 silly gunzTarPerm extractEntry example/whiteboard/node_modules/express/node_modules/mime/
319 silly gunzTarPerm extractEntry example/whiteboard/node_modules/express/node_modules/mime/LICENSE
320 silly gunzTarPerm extractEntry example/whiteboard/node_modules/express/node_modules/mime/mime.js
321 silly gunzTarPerm extractEntry example/whiteboard/node_modules/express/node_modules/mime/package.json
322 silly gunzTarPerm extractEntry example/whiteboard/node_modules/express/node_modules/mime/README.md
323 silly gunzTarPerm extractEntry example/whiteboard/node_modules/express/node_modules/mime/test.js
324 silly gunzTarPerm extractEntry example/whiteboard/node_modules/express/node_modules/mime/types/
325 silly gunzTarPerm extractEntry example/whiteboard/node_modules/express/node_modules/mime/types/mime.types
326 silly gunzTarPerm extractEntry example/whiteboard/node_modules/express/node_modules/mime/types/node.types
327 silly gunzTarPerm extractEntry example/whiteboard/node_modules/express/node_modules/mkdirp/
328 silly gunzTarPerm extractEntry example/whiteboard/node_modules/express/node_modules/mkdirp/.gitignore.orig
329 silly gunzTarPerm extractEntry example/whiteboard/node_modules/express/node_modules/mkdirp/.gitignore.rej
330 silly gunzTarPerm extractEntry example/whiteboard/node_modules/express/node_modules/mkdirp/.npmignore
331 silly gunzTarPerm extractEntry example/whiteboard/node_modules/express/node_modules/mkdirp/examples/
332 silly gunzTarPerm extractEntry example/whiteboard/node_modules/express/node_modules/mkdirp/examples/pow.js
333 silly gunzTarPerm extractEntry example/whiteboard/node_modules/express/node_modules/mkdirp/examples/pow.js.orig
334 silly gunzTarPerm extractEntry example/whiteboard/node_modules/express/node_modules/mkdirp/examples/pow.js.rej
335 silly gunzTarPerm extractEntry example/whiteboard/node_modules/express/node_modules/mkdirp/index.js
336 silly gunzTarPerm extractEntry example/whiteboard/node_modules/express/node_modules/mkdirp/LICENSE
337 silly gunzTarPerm extractEntry example/whiteboard/node_modules/express/node_modules/mkdirp/package.json
338 silly gunzTarPerm extractEntry example/whiteboard/node_modules/express/node_modules/mkdirp/README.markdown
339 silly gunzTarPerm extractEntry example/whiteboard/node_modules/express/node_modules/mkdirp/test/
340 silly gunzTarPerm extractEntry example/whiteboard/node_modules/express/node_modules/mkdirp/test/chmod.js
341 silly gunzTarPerm extractEntry example/whiteboard/node_modules/express/node_modules/mkdirp/test/clobber.js
342 silly gunzTarPerm extractEntry example/whiteboard/node_modules/express/node_modules/mkdirp/test/mkdirp.js
343 silly gunzTarPerm extractEntry example/whiteboard/node_modules/express/node_modules/mkdirp/test/perm.js
344 silly gunzTarPerm extractEntry example/whiteboard/node_modules/express/node_modules/mkdirp/test/perm_sync.js
345 silly gunzTarPerm extractEntry example/whiteboard/node_modules/express/node_modules/mkdirp/test/race.js
346 silly gunzTarPerm extractEntry example/whiteboard/node_modules/express/node_modules/mkdirp/test/rel.js
347 silly gunzTarPerm extractEntry example/whiteboard/node_modules/express/node_modules/mkdirp/test/sync.js
348 silly gunzTarPerm extractEntry example/whiteboard/node_modules/express/node_modules/mkdirp/test/umask.js
349 silly gunzTarPerm extractEntry example/whiteboard/node_modules/express/node_modules/mkdirp/test/umask_sync.js
350 silly gunzTarPerm extractEntry example/whiteboard/node_modules/express/node_modules/qs/
351 silly gunzTarPerm extractEntry example/whiteboard/node_modules/express/node_modules/qs/.gitmodules
352 silly gunzTarPerm extractEntry example/whiteboard/node_modules/express/node_modules/qs/.npmignore
353 silly gunzTarPerm extractEntry example/whiteboard/node_modules/express/node_modules/qs/.travis.yml
354 silly gunzTarPerm extractEntry example/whiteboard/node_modules/express/node_modules/qs/benchmark.js
355 silly gunzTarPerm extractEntry example/whiteboard/node_modules/express/node_modules/qs/examples.js
356 silly gunzTarPerm extractEntry example/whiteboard/node_modules/express/node_modules/qs/History.md
357 silly gunzTarPerm extractEntry example/whiteboard/node_modules/express/node_modules/qs/index.js
358 silly gunzTarPerm extractEntry example/whiteboard/node_modules/express/node_modules/qs/lib/
359 silly gunzTarPerm extractEntry example/whiteboard/node_modules/express/node_modules/qs/lib/querystring.js
360 silly gunzTarPerm extractEntry example/whiteboard/node_modules/express/node_modules/qs/Makefile
361 silly gunzTarPerm extractEntry example/whiteboard/node_modules/express/node_modules/qs/package.json
362 silly gunzTarPerm extractEntry example/whiteboard/node_modules/express/node_modules/qs/Readme.md
363 silly gunzTarPerm extractEntry example/whiteboard/node_modules/express/node_modules/qs/test/
364 silly gunzTarPerm extractEntry example/whiteboard/node_modules/express/node_modules/qs/test/mocha.opts
365 silly gunzTarPerm extractEntry example/whiteboard/node_modules/express/node_modules/qs/test/parse.js
366 silly gunzTarPerm extractEntry example/whiteboard/node_modules/express/node_modules/qs/test/stringify.js
367 silly gunzTarPerm extractEntry example/whiteboard/node_modules/express/package.json
368 silly gunzTarPerm extractEntry example/whiteboard/node_modules/express/Readme.md
369 silly gunzTarPerm extractEntry example/whiteboard/node_modules/express/testing/
370 silly gunzTarPerm extractEntry example/whiteboard/node_modules/express/testing/foo/
371 silly gunzTarPerm extractEntry example/whiteboard/node_modules/express/testing/foo/app.js
372 silly gunzTarPerm extractEntry example/whiteboard/node_modules/express/testing/foo/package.json
373 silly gunzTarPerm extractEntry example/whiteboard/node_modules/express/testing/foo/public/
374 silly gunzTarPerm extractEntry example/whiteboard/node_modules/express/testing/foo/public/stylesheets/
375 silly gunzTarPerm extractEntry example/whiteboard/node_modules/express/testing/foo/public/stylesheets/style.css
376 silly gunzTarPerm extractEntry example/whiteboard/node_modules/express/testing/foo/routes/
377 silly gunzTarPerm extractEntry example/whiteboard/node_modules/express/testing/foo/routes/index.js
378 silly gunzTarPerm extractEntry example/whiteboard/node_modules/express/testing/foo/views/
379 silly gunzTarPerm extractEntry example/whiteboard/node_modules/express/testing/foo/views/index.jade
380 silly gunzTarPerm extractEntry example/whiteboard/node_modules/express/testing/foo/views/layout.jade
381 silly gunzTarPerm extractEntry example/whiteboard/node_modules/express/testing/index.js
382 silly gunzTarPerm extractEntry example/whiteboard/node_modules/express/testing/public/
383 silly gunzTarPerm extractEntry example/whiteboard/node_modules/express/testing/public/test.txt
384 silly gunzTarPerm extractEntry example/whiteboard/node_modules/express/testing/views/
385 silly gunzTarPerm extractEntry example/whiteboard/node_modules/express/testing/views/page.html
386 silly gunzTarPerm extractEntry example/whiteboard/node_modules/express/testing/views/page.jade
387 silly gunzTarPerm extractEntry example/whiteboard/node_modules/express/testing/views/test.md
388 silly gunzTarPerm extractEntry example/whiteboard/node_modules/express/testing/views/user/
389 silly gunzTarPerm extractEntry example/whiteboard/node_modules/express/testing/views/user/index.jade
390 silly gunzTarPerm extractEntry example/whiteboard/node_modules/express/testing/views/user/list.jade
391 silly gunzTarPerm extractEntry index.js
392 silly gunzTarPerm extractEntry lib/
393 silly gunzTarPerm extractEntry lib/Constants.js
394 silly gunzTarPerm extractEntry lib/utils.js
395 silly gunzTarPerm extractEntry lib/Validation.js
396 silly gunzTarPerm extractEntry lib/websocket.js
397 silly gunzTarPerm extractEntry lib/WebSocketClient.js
398 silly gunzTarPerm extractEntry lib/WebSocketConnection.js
399 silly gunzTarPerm extractEntry lib/WebSocketFrame.js
400 silly gunzTarPerm extractEntry lib/WebSocketRequest.js
401 silly gunzTarPerm extractEntry lib/WebSocketRouter.js
402 silly gunzTarPerm extractEntry lib/WebSocketRouterRequest.js
403 silly gunzTarPerm extractEntry lib/WebSocketServer.js
404 silly gunzTarPerm extractEntry package.json
405 silly gunzTarPerm extractEntry src/
406 silly gunzTarPerm extractEntry src/validation.cc
407 silly gunzTarPerm extractEntry vendor/
408 silly gunzTarPerm extractEntry vendor/FastBufferList.js
409 silly gunzTarPerm extractEntry vendor/node-ctype/
410 silly gunzTarPerm extractEntry vendor/node-ctype/ctio-faster.js
411 silly gunzTarPerm extractEntry wscript
412 verbose read json C:\Users\LallarN\AppData\Local\Temp\npm-2588\1342729563113-0.6879557583015412\package\package.json
413 verbose from cache C:\Users\LallarN\AppData\Local\Temp\npm-2588\1342729563113-0.6879557583015412\package\package.json
414 verbose tar pack [ 'C:\\Users\\LallarN\\AppData\\Roaming\\npm-cache\\websocket\\1.0.6\\package.tgz',
414 verbose tar pack   'C:\\Users\\LallarN\\AppData\\Local\\Temp\\npm-2588\\1342729563113-0.6879557583015412\\package' ]
415 verbose tarball C:\Users\LallarN\AppData\Roaming\npm-cache\websocket\1.0.6\package.tgz
416 verbose folder C:\Users\LallarN\AppData\Local\Temp\npm-2588\1342729563113-0.6879557583015412\package
417 verbose tar unpack C:\Users\LallarN\AppData\Roaming\npm-cache\websocket\1.0.6\package.tgz
418 silly gunzTarPerm modes [ '755', '644' ]
419 silly gunzTarPerm extractEntry package.json
420 silly gunzTarPerm modified mode [ 'package.json', 438, 420 ]
421 silly gunzTarPerm extractEntry index.js
422 silly gunzTarPerm modified mode [ 'index.js', 438, 420 ]
423 silly gunzTarPerm extractEntry binding.gyp
424 silly gunzTarPerm modified mode [ 'binding.gyp', 438, 420 ]
425 silly gunzTarPerm extractEntry build/Release/.deps/Release/obj.target/validation/src/validation.o.d
426 silly gunzTarPerm modified mode [ 'build/Release/.deps/Release/obj.target/validation/src/validation.o.d',
426 silly gunzTarPerm   438,
426 silly gunzTarPerm   420 ]
427 silly gunzTarPerm extractEntry build/Release/.deps/Release/validation.node.d
428 silly gunzTarPerm modified mode [ 'build/Release/.deps/Release/validation.node.d', 438, 420 ]
429 silly gunzTarPerm extractEntry example/whiteboard/node_modules/ejs/package.json
430 silly gunzTarPerm modified mode [ 'example/whiteboard/node_modules/ejs/package.json', 438, 420 ]
431 silly gunzTarPerm extractEntry example/whiteboard/node_modules/ejs/.npmignore
432 silly gunzTarPerm modified mode [ 'example/whiteboard/node_modules/ejs/.npmignore', 438, 420 ]
433 silly gunzTarPerm extractEntry example/whiteboard/node_modules/ejs/index.js
434 silly gunzTarPerm modified mode [ 'example/whiteboard/node_modules/ejs/index.js', 438, 420 ]
435 silly gunzTarPerm extractEntry example/whiteboard/node_modules/ejs/benchmark.js
436 silly gunzTarPerm modified mode [ 'example/whiteboard/node_modules/ejs/benchmark.js', 438, 420 ]
437 silly gunzTarPerm extractEntry example/whiteboard/node_modules/ejs/ejs.js
438 silly gunzTarPerm modified mode [ 'example/whiteboard/node_modules/ejs/ejs.js', 438, 420 ]
439 silly gunzTarPerm extractEntry example/whiteboard/node_modules/ejs/ejs.min.js
440 silly gunzTarPerm modified mode [ 'example/whiteboard/node_modules/ejs/ejs.min.js', 438, 420 ]
441 silly gunzTarPerm extractEntry example/whiteboard/node_modules/ejs/History.md
442 silly gunzTarPerm modified mode [ 'example/whiteboard/node_modules/ejs/History.md', 438, 420 ]
443 silly gunzTarPerm extractEntry example/whiteboard/node_modules/ejs/.gitmodules
444 silly gunzTarPerm modified mode [ 'example/whiteboard/node_modules/ejs/.gitmodules', 438, 420 ]
445 silly gunzTarPerm extractEntry example/whiteboard/node_modules/ejs/lib/ejs.js
446 silly gunzTarPerm modified mode [ 'example/whiteboard/node_modules/ejs/lib/ejs.js', 438, 420 ]
447 silly gunzTarPerm extractEntry example/whiteboard/node_modules/ejs/lib/filters.js
448 silly gunzTarPerm modified mode [ 'example/whiteboard/node_modules/ejs/lib/filters.js',
448 silly gunzTarPerm   438,
448 silly gunzTarPerm   420 ]
449 silly gunzTarPerm extractEntry example/whiteboard/node_modules/ejs/lib/utils.js
450 silly gunzTarPerm modified mode [ 'example/whiteboard/node_modules/ejs/lib/utils.js', 438, 420 ]
451 silly gunzTarPerm extractEntry example/whiteboard/node_modules/ejs/Makefile
452 silly gunzTarPerm modified mode [ 'example/whiteboard/node_modules/ejs/Makefile', 438, 420 ]
453 silly gunzTarPerm extractEntry example/whiteboard/node_modules/ejs/examples/list.js
454 silly gunzTarPerm modified mode [ 'example/whiteboard/node_modules/ejs/examples/list.js',
454 silly gunzTarPerm   438,
454 silly gunzTarPerm   420 ]
455 silly gunzTarPerm extractEntry example/whiteboard/node_modules/ejs/examples/client.html
456 silly gunzTarPerm modified mode [ 'example/whiteboard/node_modules/ejs/examples/client.html',
456 silly gunzTarPerm   438,
456 silly gunzTarPerm   420 ]
457 silly gunzTarPerm extractEntry example/whiteboard/node_modules/ejs/examples/list.ejs
458 silly gunzTarPerm modified mode [ 'example/whiteboard/node_modules/ejs/examples/list.ejs',
458 silly gunzTarPerm   438,
458 silly gunzTarPerm   420 ]
459 silly gunzTarPerm extractEntry example/whiteboard/node_modules/ejs/Readme.md
460 silly gunzTarPerm modified mode [ 'example/whiteboard/node_modules/ejs/Readme.md', 438, 420 ]
461 silly gunzTarPerm extractEntry example/whiteboard/node_modules/ejs/support/compile.js
462 silly gunzTarPerm modified mode [ 'example/whiteboard/node_modules/ejs/support/compile.js',
462 silly gunzTarPerm   438,
462 silly gunzTarPerm   420 ]
463 silly gunzTarPerm extractEntry example/whiteboard/node_modules/ejs/support/expresso/package.json
464 silly gunzTarPerm modified mode [ 'example/whiteboard/node_modules/ejs/support/expresso/package.json',
464 silly gunzTarPerm   438,
464 silly gunzTarPerm   420 ]
465 silly gunzTarPerm extractEntry example/whiteboard/node_modules/ejs/support/expresso/.npmignore
466 silly gunzTarPerm modified mode [ 'example/whiteboard/node_modules/ejs/support/expresso/.npmignore',
466 silly gunzTarPerm   438,
466 silly gunzTarPerm   420 ]
467 silly gunzTarPerm extractEntry example/whiteboard/node_modules/ejs/support/expresso/.gitmodules
468 silly gunzTarPerm modified mode [ 'example/whiteboard/node_modules/ejs/support/expresso/.gitmodules',
468 silly gunzTarPerm   438,
468 silly gunzTarPerm   420 ]
469 silly gunzTarPerm extractEntry example/whiteboard/node_modules/ejs/support/expresso/bin/expresso
470 silly gunzTarPerm modified mode [ 'example/whiteboard/node_modules/ejs/support/expresso/bin/expresso',
470 silly gunzTarPerm   438,
470 silly gunzTarPerm   420 ]
471 silly gunzTarPerm extractEntry example/whiteboard/node_modules/ejs/support/expresso/docs/api.html
472 silly gunzTarPerm modified mode [ 'example/whiteboard/node_modules/ejs/support/expresso/docs/api.html',
472 silly gunzTarPerm   438,
472 silly gunzTarPerm   420 ]
473 silly gunzTarPerm extractEntry example/whiteboard/node_modules/ejs/support/expresso/docs/index.html
474 silly gunzTarPerm modified mode [ 'example/whiteboard/node_modules/ejs/support/expresso/docs/index.html',
474 silly gunzTarPerm   438,
474 silly gunzTarPerm   420 ]
475 silly gunzTarPerm extractEntry example/whiteboard/node_modules/ejs/support/expresso/docs/index.md
476 silly gunzTarPerm modified mode [ 'example/whiteboard/node_modules/ejs/support/expresso/docs/index.md',
476 silly gunzTarPerm   438,
476 silly gunzTarPerm   420 ]
477 silly gunzTarPerm extractEntry example/whiteboard/node_modules/ejs/support/expresso/docs/layout/foot.html
478 silly gunzTarPerm modified mode [ 'example/whiteboard/node_modules/ejs/support/expresso/docs/layout/foot.html',
478 silly gunzTarPerm   438,
478 silly gunzTarPerm   420 ]
479 silly gunzTarPerm extractEntry example/whiteboard/node_modules/ejs/support/expresso/docs/layout/head.html
480 silly gunzTarPerm modified mode [ 'example/whiteboard/node_modules/ejs/support/expresso/docs/layout/head.html',
480 silly gunzTarPerm   438,
480 silly gunzTarPerm   420 ]
481 silly gunzTarPerm extractEntry example/whiteboard/node_modules/ejs/support/expresso/History.md
482 silly gunzTarPerm modified mode [ 'example/whiteboard/node_modules/ejs/support/expresso/History.md',
482 silly gunzTarPerm   438,
482 silly gunzTarPerm   420 ]
483 silly gunzTarPerm extractEntry example/whiteboard/node_modules/ejs/support/expresso/lib/bar.js
484 silly gunzTarPerm modified mode [ 'example/whiteboard/node_modules/ejs/support/expresso/lib/bar.js',
484 silly gunzTarPerm   438,
484 silly gunzTarPerm   420 ]
485 silly gunzTarPerm extractEntry example/whiteboard/node_modules/ejs/support/expresso/lib/foo.js
486 silly gunzTarPerm modified mode [ 'example/whiteboard/node_modules/ejs/support/expresso/lib/foo.js',
486 silly gunzTarPerm   438,
486 silly gunzTarPerm   420 ]
487 silly gunzTarPerm extractEntry example/whiteboard/node_modules/ejs/support/expresso/Makefile
488 silly gunzTarPerm modified mode [ 'example/whiteboard/node_modules/ejs/support/expresso/Makefile',
488 silly gunzTarPerm   438,
488 silly gunzTarPerm   420 ]
489 silly gunzTarPerm extractEntry example/whiteboard/node_modules/ejs/support/expresso/Readme.md
490 silly gunzTarPerm modified mode [ 'example/whiteboard/node_modules/ejs/support/expresso/Readme.md',
490 silly gunzTarPerm   438,
490 silly gunzTarPerm   420 ]
491 silly gunzTarPerm extractEntry example/whiteboard/node_modules/ejs/support/expresso/test/assert.test.js
492 silly gunzTarPerm modified mode [ 'example/whiteboard/node_modules/ejs/support/expresso/test/assert.test.js',
492 silly gunzTarPerm   438,
492 silly gunzTarPerm   420 ]
493 silly gunzTarPerm extractEntry example/whiteboard/node_modules/ejs/support/expresso/test/async.test.js
494 silly gunzTarPerm modified mode [ 'example/whiteboard/node_modules/ejs/support/expresso/test/async.test.js',
494 silly gunzTarPerm   438,
494 silly gunzTarPerm   420 ]
495 silly gunzTarPerm extractEntry example/whiteboard/node_modules/ejs/support/expresso/test/bar.test.js
496 silly gunzTarPerm modified mode [ 'example/whiteboard/node_modules/ejs/support/expresso/test/bar.test.js',
496 silly gunzTarPerm   438,
496 silly gunzTarPerm   420 ]
497 silly gunzTarPerm extractEntry example/whiteboard/node_modules/ejs/support/expresso/test/foo.test.js
498 silly gunzTarPerm modified mode [ 'example/whiteboard/node_modules/ejs/support/expresso/test/foo.test.js',
498 silly gunzTarPerm   438,
498 silly gunzTarPerm   420 ]
499 silly gunzTarPerm extractEntry example/whiteboard/node_modules/ejs/support/expresso/test/http.test.js
500 silly gunzTarPerm modified mode [ 'example/whiteboard/node_modules/ejs/support/expresso/test/http.test.js',
500 silly gunzTarPerm   438,
500 silly gunzTarPerm   420 ]
501 silly gunzTarPerm extractEntry example/whiteboard/node_modules/ejs/test/ejs.test.js
502 silly gunzTarPerm modified mode [ 'example/whiteboard/node_modules/ejs/test/ejs.test.js',
502 silly gunzTarPerm   438,
502 silly gunzTarPerm   420 ]
503 silly gunzTarPerm extractEntry example/whiteboard/node_modules/express/package.json
504 silly gunzTarPerm modified mode [ 'example/whiteboard/node_modules/express/package.json',
504 silly gunzTarPerm   438,
504 silly gunzTarPerm   420 ]
505 silly gunzTarPerm extractEntry example/whiteboard/node_modules/express/.npmignore
506 silly gunzTarPerm modified mode [ 'example/whiteboard/node_modules/express/.npmignore',
506 silly gunzTarPerm   438,
506 silly gunzTarPerm   420 ]
507 silly gunzTarPerm extractEntry example/whiteboard/node_modules/express/LICENSE
508 silly gunzTarPerm modified mode [ 'example/whiteboard/node_modules/express/LICENSE', 438, 420 ]
509 silly gunzTarPerm extractEntry example/whiteboard/node_modules/express/index.js
510 silly gunzTarPerm modified mode [ 'example/whiteboard/node_modules/express/index.js', 438, 420 ]
511 silly gunzTarPerm extractEntry example/whiteboard/node_modules/express/lib/express.js
512 silly gunzTarPerm modified mode [ 'example/whiteboard/node_modules/express/lib/express.js',
512 silly gunzTarPerm   438,
512 silly gunzTarPerm   420 ]
513 silly gunzTarPerm extractEntry example/whiteboard/node_modules/express/lib/http.js
514 silly gunzTarPerm modified mode [ 'example/whiteboard/node_modules/express/lib/http.js',
514 silly gunzTarPerm   438,
514 silly gunzTarPerm   420 ]
515 silly gunzTarPerm extractEntry example/whiteboard/node_modules/express/lib/https.js
516 silly gunzTarPerm modified mode [ 'example/whiteboard/node_modules/express/lib/https.js',
516 silly gunzTarPerm   438,
516 silly gunzTarPerm   420 ]
517 silly gunzTarPerm extractEntry example/whiteboard/node_modules/express/lib/request.js
518 silly gunzTarPerm modified mode [ 'example/whiteboard/node_modules/express/lib/request.js',
518 silly gunzTarPerm   438,
518 silly gunzTarPerm   420 ]
519 silly gunzTarPerm extractEntry example/whiteboard/node_modules/express/lib/response.js
520 silly gunzTarPerm modified mode [ 'example/whiteboard/node_modules/express/lib/response.js',
520 silly gunzTarPerm   438,
520 silly gunzTarPerm   420 ]
521 silly gunzTarPerm extractEntry example/whiteboard/node_modules/express/lib/utils.js
522 silly gunzTarPerm modified mode [ 'example/whiteboard/node_modules/express/lib/utils.js',
522 silly gunzTarPerm   438,
522 silly gunzTarPerm   420 ]
523 silly gunzTarPerm extractEntry example/whiteboard/node_modules/express/lib/view.js
524 silly gunzTarPerm modified mode [ 'example/whiteboard/node_modules/express/lib/view.js',
524 silly gunzTarPerm   438,
524 silly gunzTarPerm   420 ]
525 silly gunzTarPerm extractEntry example/whiteboard/node_modules/express/lib/router/collection.js
526 silly gunzTarPerm modified mode [ 'example/whiteboard/node_modules/express/lib/router/collection.js',
526 silly gunzTarPerm   438,
526 silly gunzTarPerm   420 ]
527 silly gunzTarPerm extractEntry example/whiteboard/node_modules/express/lib/router/index.js
528 silly gunzTarPerm modified mode [ 'example/whiteboard/node_modules/express/lib/router/index.js',
528 silly gunzTarPerm   438,
528 silly gunzTarPerm   420 ]
529 silly gunzTarPerm extractEntry example/whiteboard/node_modules/express/lib/router/methods.js
530 silly gunzTarPerm modified mode [ 'example/whiteboard/node_modules/express/lib/router/methods.js',
530 silly gunzTarPerm   438,
530 silly gunzTarPerm   420 ]
531 silly gunzTarPerm extractEntry example/whiteboard/node_modules/express/lib/router/route.js
532 silly gunzTarPerm modified mode [ 'example/whiteboard/node_modules/express/lib/router/route.js',
532 silly gunzTarPerm   438,
532 silly gunzTarPerm   420 ]
533 silly gunzTarPerm extractEntry example/whiteboard/node_modules/express/lib/view/partial.js
534 silly gunzTarPerm modified mode [ 'example/whiteboard/node_modules/express/lib/view/partial.js',
534 silly gunzTarPerm   438,
534 silly gunzTarPerm   420 ]
535 silly gunzTarPerm extractEntry example/whiteboard/node_modules/express/lib/view/view.js
536 silly gunzTarPerm modified mode [ 'example/whiteboard/node_modules/express/lib/view/view.js',
536 silly gunzTarPerm   438,
536 silly gunzTarPerm   420 ]
537 silly gunzTarPerm extractEntry example/whiteboard/node_modules/express/bin/express
538 silly gunzTarPerm modified mode [ 'example/whiteboard/node_modules/express/bin/express',
538 silly gunzTarPerm   438,
538 silly gunzTarPerm   420 ]
539 silly gunzTarPerm extractEntry example/whiteboard/node_modules/express/Makefile
540 silly gunzTarPerm modified mode [ 'example/whiteboard/node_modules/express/Makefile', 438, 420 ]
541 silly gunzTarPerm extractEntry example/whiteboard/node_modules/express/History.md
542 silly gunzTarPerm modified mode [ 'example/whiteboard/node_modules/express/History.md',
542 silly gunzTarPerm   438,
542 silly gunzTarPerm   420 ]
543 silly gunzTarPerm extractEntry example/whiteboard/node_modules/express/Readme.md
544 silly gunzTarPerm modified mode [ 'example/whiteboard/node_modules/express/Readme.md', 438, 420 ]
545 silly gunzTarPerm extractEntry example/whiteboard/node_modules/express/testing/index.js
546 silly gunzTarPerm modified mode [ 'example/whiteboard/node_modules/express/testing/index.js',
546 silly gunzTarPerm   438,
546 silly gunzTarPerm   420 ]
547 silly gunzTarPerm extractEntry example/whiteboard/node_modules/express/testing/foo/package.json
548 silly gunzTarPerm modified mode [ 'example/whiteboard/node_modules/express/testing/foo/package.json',
548 silly gunzTarPerm   438,
548 silly gunzTarPerm   420 ]
549 silly gunzTarPerm extractEntry example/whiteboard/node_modules/express/testing/foo/app.js
550 silly gunzTarPerm modified mode [ 'example/whiteboard/node_modules/express/testing/foo/app.js',
550 silly gunzTarPerm   438,
550 silly gunzTarPerm   420 ]
551 silly gunzTarPerm extractEntry example/whiteboard/node_modules/express/testing/foo/public/stylesheets/style.css
552 silly gunzTarPerm modified mode [ 'example/whiteboard/node_modules/express/testing/foo/public/stylesheets/style.css',
552 silly gunzTarPerm   438,
552 silly gunzTarPerm   420 ]
553 silly gunzTarPerm extractEntry example/whiteboard/node_modules/express/testing/foo/routes/index.js
554 silly gunzTarPerm modified mode [ 'example/whiteboard/node_modules/express/testing/foo/routes/index.js',
554 silly gunzTarPerm   438,
554 silly gunzTarPerm   420 ]
555 silly gunzTarPerm extractEntry example/whiteboard/node_modules/express/testing/foo/views/index.jade
556 silly gunzTarPerm modified mode [ 'example/whiteboard/node_modules/express/testing/foo/views/index.jade',
556 silly gunzTarPerm   438,
556 silly gunzTarPerm   420 ]
557 silly gunzTarPerm extractEntry example/whiteboard/node_modules/express/testing/foo/views/layout.jade
558 silly gunzTarPerm modified mode [ 'example/whiteboard/node_modules/express/testing/foo/views/layout.jade',
558 silly gunzTarPerm   438,
558 silly gunzTarPerm   420 ]
559 silly gunzTarPerm extractEntry example/whiteboard/node_modules/express/testing/public/test.txt
560 silly gunzTarPerm modified mode [ 'example/whiteboard/node_modules/express/testing/public/test.txt',
560 silly gunzTarPerm   438,
560 silly gunzTarPerm   420 ]
561 silly gunzTarPerm extractEntry example/whiteboard/node_modules/express/testing/views/page.html
562 silly gunzTarPerm modified mode [ 'example/whiteboard/node_modules/express/testing/views/page.html',
562 silly gunzTarPerm   438,
562 silly gunzTarPerm   420 ]
563 silly gunzTarPerm extractEntry example/whiteboard/node_modules/express/testing/views/page.jade
564 silly gunzTarPerm modified mode [ 'example/whiteboard/node_modules/express/testing/views/page.jade',
564 silly gunzTarPerm   438,
564 silly gunzTarPerm   420 ]
565 silly gunzTarPerm extractEntry example/whiteboard/node_modules/express/testing/views/test.md
566 silly gunzTarPerm modified mode [ 'example/whiteboard/node_modules/express/testing/views/test.md',
566 silly gunzTarPerm   438,
566 silly gunzTarPerm   420 ]
567 silly gunzTarPerm extractEntry example/whiteboard/node_modules/express/testing/views/user/index.jade
568 silly gunzTarPerm modified mode [ 'example/whiteboard/node_modules/express/testing/views/user/index.jade',
568 silly gunzTarPerm   438,
568 silly gunzTarPerm   420 ]
569 silly gunzTarPerm extractEntry example/whiteboard/node_modules/express/testing/views/user/list.jade
570 silly gunzTarPerm modified mode [ 'example/whiteboard/node_modules/express/testing/views/user/list.jade',
570 silly gunzTarPerm   438,
570 silly gunzTarPerm   420 ]
571 silly gunzTarPerm extractEntry lib/Constants.js
572 silly gunzTarPerm modified mode [ 'lib/Constants.js', 438, 420 ]
573 silly gunzTarPerm extractEntry lib/Validation.js
574 silly gunzTarPerm modified mode [ 'lib/Validation.js', 438, 420 ]
575 silly gunzTarPerm extractEntry lib/websocket.js
576 silly gunzTarPerm modified mode [ 'lib/websocket.js', 438, 420 ]
577 silly gunzTarPerm extractEntry lib/WebSocketClient.js
578 silly gunzTarPerm modified mode [ 'lib/WebSocketClient.js', 438, 420 ]
579 silly gunzTarPerm extractEntry lib/utils.js
580 silly gunzTarPerm modified mode [ 'lib/utils.js', 438, 420 ]
581 silly gunzTarPerm extractEntry lib/WebSocketFrame.js
582 silly gunzTarPerm modified mode [ 'lib/WebSocketFrame.js', 438, 420 ]
583 silly gunzTarPerm extractEntry lib/WebSocketRequest.js
584 silly gunzTarPerm modified mode [ 'lib/WebSocketRequest.js', 438, 420 ]
585 silly gunzTarPerm extractEntry lib/WebSocketRouter.js
586 silly gunzTarPerm modified mode [ 'lib/WebSocketRouter.js', 438, 420 ]
587 silly gunzTarPerm extractEntry lib/WebSocketRouterRequest.js
588 silly gunzTarPerm modified mode [ 'lib/WebSocketRouterRequest.js', 438, 420 ]
589 silly gunzTarPerm extractEntry lib/WebSocketServer.js
590 silly gunzTarPerm modified mode [ 'lib/WebSocketServer.js', 438, 420 ]
591 silly gunzTarPerm extractEntry lib/WebSocketConnection.js
592 silly gunzTarPerm modified mode [ 'lib/WebSocketConnection.js', 438, 420 ]
593 silly gunzTarPerm extractEntry src/validation.cc
594 silly gunzTarPerm modified mode [ 'src/validation.cc', 438, 420 ]
595 silly gunzTarPerm extractEntry vendor/FastBufferList.js
596 silly gunzTarPerm modified mode [ 'vendor/FastBufferList.js', 438, 420 ]
597 silly gunzTarPerm extractEntry vendor/node-ctype/ctio-faster.js
598 silly gunzTarPerm modified mode [ 'vendor/node-ctype/ctio-faster.js', 438, 420 ]
599 silly gunzTarPerm extractEntry wscript
600 silly gunzTarPerm modified mode [ 'wscript', 438, 420 ]
601 verbose read json C:\Users\LallarN\AppData\Roaming\npm-cache\websocket\1.0.6\package\package.json
602 silly shasum updated bytes 40960
603 silly shasum updated bytes 40960
604 silly shasum updated bytes 14911
605 info shasum fa549f9631f7396b55a1ebc4526f3d77c2ba5194
605 info shasum C:\Users\LallarN\AppData\Roaming\npm-cache\websocket\1.0.6\package.tgz
606 verbose from cache C:\Users\LallarN\AppData\Roaming\npm-cache\websocket\1.0.6\package\package.json
607 verbose chmod C:\Users\LallarN\AppData\Roaming\npm-cache\websocket\1.0.6\package.tgz 644
608 silly chown skipping for windows C:\Users\LallarN\AppData\Roaming\npm-cache\websocket\1.0.6\package.tgz
609 silly resolved [ { name: 'websocket',
609 silly resolved     description: 'Websocket Client & Server Library tracking the latest protocol drafts from the IETF.',
609 silly resolved     keywords: [ 'websocket', 'socket', 'networking', 'comet', 'push' ],
609 silly resolved     author: { name: 'Brian McKelvey', email: 'brian@worlize.com' },
609 silly resolved     version: '1.0.6',
609 silly resolved     repository:
609 silly resolved      { type: 'git',
609 silly resolved        url: 'https://theturtle32@github.com/Worlize/WebSocket-Node.git' },
609 silly resolved     engines: { node: '>=0.6.13' },
609 silly resolved     main: 'index',
609 silly resolved     directories: { lib: './lib' },
609 silly resolved     scripts: { install: 'node-gyp rebuild' },
609 silly resolved     gypfile: true,
609 silly resolved     _id: 'websocket@1.0.6',
609 silly resolved     dist: { shasum: 'fa549f9631f7396b55a1ebc4526f3d77c2ba5194' },
609 silly resolved     _from: 'websocket' } ]
610 info install websocket@1.0.6 into C:\Users\LallarN\Documents\GitHub\HTML5-playground\connect4_node_server
611 info installOne websocket@1.0.6
612 verbose from cache C:\Users\LallarN\AppData\Roaming\npm-cache\websocket\1.0.6\package\package.json
613 info C:\Users\LallarN\Documents\GitHub\HTML5-playground\connect4_node_server\node_modules\websocket unbuild
614 verbose read json C:\Users\LallarN\Documents\GitHub\HTML5-playground\connect4_node_server\node_modules\websocket\package.json
615 verbose tar unpack C:\Users\LallarN\AppData\Roaming\npm-cache\websocket\1.0.6\package.tgz
616 silly gunzTarPerm modes [ '755', '644' ]
617 silly gunzTarPerm extractEntry package.json
618 silly gunzTarPerm modified mode [ 'package.json', 438, 420 ]
619 silly gunzTarPerm extractEntry index.js
620 silly gunzTarPerm modified mode [ 'index.js', 438, 420 ]
621 silly gunzTarPerm extractEntry binding.gyp
622 silly gunzTarPerm modified mode [ 'binding.gyp', 438, 420 ]
623 silly gunzTarPerm extractEntry build/Release/.deps/Release/obj.target/validation/src/validation.o.d
624 silly gunzTarPerm modified mode [ 'build/Release/.deps/Release/obj.target/validation/src/validation.o.d',
624 silly gunzTarPerm   438,
624 silly gunzTarPerm   420 ]
625 silly gunzTarPerm extractEntry build/Release/.deps/Release/validation.node.d
626 silly gunzTarPerm modified mode [ 'build/Release/.deps/Release/validation.node.d', 438, 420 ]
627 silly gunzTarPerm extractEntry example/whiteboard/node_modules/ejs/package.json
628 silly gunzTarPerm modified mode [ 'example/whiteboard/node_modules/ejs/package.json', 438, 420 ]
629 silly gunzTarPerm extractEntry example/whiteboard/node_modules/ejs/.npmignore
630 silly gunzTarPerm modified mode [ 'example/whiteboard/node_modules/ejs/.npmignore', 438, 420 ]
631 silly gunzTarPerm extractEntry example/whiteboard/node_modules/ejs/index.js
632 silly gunzTarPerm modified mode [ 'example/whiteboard/node_modules/ejs/index.js', 438, 420 ]
633 silly gunzTarPerm extractEntry example/whiteboard/node_modules/ejs/benchmark.js
634 silly gunzTarPerm modified mode [ 'example/whiteboard/node_modules/ejs/benchmark.js', 438, 420 ]
635 silly gunzTarPerm extractEntry example/whiteboard/node_modules/ejs/ejs.js
636 silly gunzTarPerm modified mode [ 'example/whiteboard/node_modules/ejs/ejs.js', 438, 420 ]
637 silly gunzTarPerm extractEntry example/whiteboard/node_modules/ejs/ejs.min.js
638 silly gunzTarPerm modified mode [ 'example/whiteboard/node_modules/ejs/ejs.min.js', 438, 420 ]
639 silly gunzTarPerm extractEntry example/whiteboard/node_modules/ejs/History.md
640 silly gunzTarPerm modified mode [ 'example/whiteboard/node_modules/ejs/History.md', 438, 420 ]
641 silly gunzTarPerm extractEntry example/whiteboard/node_modules/ejs/.gitmodules
642 silly gunzTarPerm modified mode [ 'example/whiteboard/node_modules/ejs/.gitmodules', 438, 420 ]
643 silly gunzTarPerm extractEntry example/whiteboard/node_modules/ejs/lib/ejs.js
644 silly gunzTarPerm modified mode [ 'example/whiteboard/node_modules/ejs/lib/ejs.js', 438, 420 ]
645 silly gunzTarPerm extractEntry example/whiteboard/node_modules/ejs/lib/filters.js
646 silly gunzTarPerm modified mode [ 'example/whiteboard/node_modules/ejs/lib/filters.js',
646 silly gunzTarPerm   438,
646 silly gunzTarPerm   420 ]
647 silly gunzTarPerm extractEntry example/whiteboard/node_modules/ejs/lib/utils.js
648 silly gunzTarPerm modified mode [ 'example/whiteboard/node_modules/ejs/lib/utils.js', 438, 420 ]
649 silly gunzTarPerm extractEntry example/whiteboard/node_modules/ejs/Makefile
650 silly gunzTarPerm modified mode [ 'example/whiteboard/node_modules/ejs/Makefile', 438, 420 ]
651 silly gunzTarPerm extractEntry example/whiteboard/node_modules/ejs/examples/list.js
652 silly gunzTarPerm modified mode [ 'example/whiteboard/node_modules/ejs/examples/list.js',
652 silly gunzTarPerm   438,
652 silly gunzTarPerm   420 ]
653 silly gunzTarPerm extractEntry example/whiteboard/node_modules/ejs/examples/client.html
654 silly gunzTarPerm modified mode [ 'example/whiteboard/node_modules/ejs/examples/client.html',
654 silly gunzTarPerm   438,
654 silly gunzTarPerm   420 ]
655 silly gunzTarPerm extractEntry example/whiteboard/node_modules/ejs/examples/list.ejs
656 silly gunzTarPerm modified mode [ 'example/whiteboard/node_modules/ejs/examples/list.ejs',
656 silly gunzTarPerm   438,
656 silly gunzTarPerm   420 ]
657 silly gunzTarPerm extractEntry example/whiteboard/node_modules/ejs/Readme.md
658 silly gunzTarPerm modified mode [ 'example/whiteboard/node_modules/ejs/Readme.md', 438, 420 ]
659 silly gunzTarPerm extractEntry example/whiteboard/node_modules/ejs/support/compile.js
660 silly gunzTarPerm modified mode [ 'example/whiteboard/node_modules/ejs/support/compile.js',
660 silly gunzTarPerm   438,
660 silly gunzTarPerm   420 ]
661 silly gunzTarPerm extractEntry example/whiteboard/node_modules/ejs/support/expresso/package.json
662 silly gunzTarPerm modified mode [ 'example/whiteboard/node_modules/ejs/support/expresso/package.json',
662 silly gunzTarPerm   438,
662 silly gunzTarPerm   420 ]
663 silly gunzTarPerm extractEntry example/whiteboard/node_modules/ejs/support/expresso/.npmignore
664 silly gunzTarPerm modified mode [ 'example/whiteboard/node_modules/ejs/support/expresso/.npmignore',
664 silly gunzTarPerm   438,
664 silly gunzTarPerm   420 ]
665 silly gunzTarPerm extractEntry example/whiteboard/node_modules/ejs/support/expresso/.gitmodules
666 silly gunzTarPerm modified mode [ 'example/whiteboard/node_modules/ejs/support/expresso/.gitmodules',
666 silly gunzTarPerm   438,
666 silly gunzTarPerm   420 ]
667 silly gunzTarPerm extractEntry example/whiteboard/node_modules/ejs/support/expresso/bin/expresso
668 silly gunzTarPerm modified mode [ 'example/whiteboard/node_modules/ejs/support/expresso/bin/expresso',
668 silly gunzTarPerm   438,
668 silly gunzTarPerm   420 ]
669 silly gunzTarPerm extractEntry example/whiteboard/node_modules/ejs/support/expresso/docs/api.html
670 silly gunzTarPerm modified mode [ 'example/whiteboard/node_modules/ejs/support/expresso/docs/api.html',
670 silly gunzTarPerm   438,
670 silly gunzTarPerm   420 ]
671 silly gunzTarPerm extractEntry example/whiteboard/node_modules/ejs/support/expresso/docs/index.html
672 silly gunzTarPerm modified mode [ 'example/whiteboard/node_modules/ejs/support/expresso/docs/index.html',
672 silly gunzTarPerm   438,
672 silly gunzTarPerm   420 ]
673 silly gunzTarPerm extractEntry example/whiteboard/node_modules/ejs/support/expresso/docs/index.md
674 silly gunzTarPerm modified mode [ 'example/whiteboard/node_modules/ejs/support/expresso/docs/index.md',
674 silly gunzTarPerm   438,
674 silly gunzTarPerm   420 ]
675 silly gunzTarPerm extractEntry example/whiteboard/node_modules/ejs/support/expresso/docs/layout/foot.html
676 silly gunzTarPerm modified mode [ 'example/whiteboard/node_modules/ejs/support/expresso/docs/layout/foot.html',
676 silly gunzTarPerm   438,
676 silly gunzTarPerm   420 ]
677 silly gunzTarPerm extractEntry example/whiteboard/node_modules/ejs/support/expresso/docs/layout/head.html
678 silly gunzTarPerm modified mode [ 'example/whiteboard/node_modules/ejs/support/expresso/docs/layout/head.html',
678 silly gunzTarPerm   438,
678 silly gunzTarPerm   420 ]
679 silly gunzTarPerm extractEntry example/whiteboard/node_modules/ejs/support/expresso/History.md
680 silly gunzTarPerm modified mode [ 'example/whiteboard/node_modules/ejs/support/expresso/History.md',
680 silly gunzTarPerm   438,
680 silly gunzTarPerm   420 ]
681 silly gunzTarPerm extractEntry example/whiteboard/node_modules/ejs/support/expresso/lib/bar.js
682 silly gunzTarPerm modified mode [ 'example/whiteboard/node_modules/ejs/support/expresso/lib/bar.js',
682 silly gunzTarPerm   438,
682 silly gunzTarPerm   420 ]
683 silly gunzTarPerm extractEntry example/whiteboard/node_modules/ejs/support/expresso/lib/foo.js
684 silly gunzTarPerm modified mode [ 'example/whiteboard/node_modules/ejs/support/expresso/lib/foo.js',
684 silly gunzTarPerm   438,
684 silly gunzTarPerm   420 ]
685 silly gunzTarPerm extractEntry example/whiteboard/node_modules/ejs/support/expresso/Makefile
686 silly gunzTarPerm modified mode [ 'example/whiteboard/node_modules/ejs/support/expresso/Makefile',
686 silly gunzTarPerm   438,
686 silly gunzTarPerm   420 ]
687 silly gunzTarPerm extractEntry example/whiteboard/node_modules/ejs/support/expresso/Readme.md
688 silly gunzTarPerm modified mode [ 'example/whiteboard/node_modules/ejs/support/expresso/Readme.md',
688 silly gunzTarPerm   438,
688 silly gunzTarPerm   420 ]
689 silly gunzTarPerm extractEntry example/whiteboard/node_modules/ejs/support/expresso/test/assert.test.js
690 silly gunzTarPerm modified mode [ 'example/whiteboard/node_modules/ejs/support/expresso/test/assert.test.js',
690 silly gunzTarPerm   438,
690 silly gunzTarPerm   420 ]
691 silly gunzTarPerm extractEntry example/whiteboard/node_modules/ejs/support/expresso/test/async.test.js
692 silly gunzTarPerm modified mode [ 'example/whiteboard/node_modules/ejs/support/expresso/test/async.test.js',
692 silly gunzTarPerm   438,
692 silly gunzTarPerm   420 ]
693 silly gunzTarPerm extractEntry example/whiteboard/node_modules/ejs/support/expresso/test/bar.test.js
694 silly gunzTarPerm modified mode [ 'example/whiteboard/node_modules/ejs/support/expresso/test/bar.test.js',
694 silly gunzTarPerm   438,
694 silly gunzTarPerm   420 ]
695 silly gunzTarPerm extractEntry example/whiteboard/node_modules/ejs/support/expresso/test/foo.test.js
696 silly gunzTarPerm modified mode [ 'example/whiteboard/node_modules/ejs/support/expresso/test/foo.test.js',
696 silly gunzTarPerm   438,
696 silly gunzTarPerm   420 ]
697 silly gunzTarPerm extractEntry example/whiteboard/node_modules/ejs/support/expresso/test/http.test.js
698 silly gunzTarPerm modified mode [ 'example/whiteboard/node_modules/ejs/support/expresso/test/http.test.js',
698 silly gunzTarPerm   438,
698 silly gunzTarPerm   420 ]
699 silly gunzTarPerm extractEntry example/whiteboard/node_modules/ejs/test/ejs.test.js
700 silly gunzTarPerm modified mode [ 'example/whiteboard/node_modules/ejs/test/ejs.test.js',
700 silly gunzTarPerm   438,
700 silly gunzTarPerm   420 ]
701 silly gunzTarPerm extractEntry example/whiteboard/node_modules/express/package.json
702 silly gunzTarPerm modified mode [ 'example/whiteboard/node_modules/express/package.json',
702 silly gunzTarPerm   438,
702 silly gunzTarPerm   420 ]
703 silly gunzTarPerm extractEntry example/whiteboard/node_modules/express/.npmignore
704 silly gunzTarPerm modified mode [ 'example/whiteboard/node_modules/express/.npmignore',
704 silly gunzTarPerm   438,
704 silly gunzTarPerm   420 ]
705 silly gunzTarPerm extractEntry example/whiteboard/node_modules/express/LICENSE
706 silly gunzTarPerm modified mode [ 'example/whiteboard/node_modules/express/LICENSE', 438, 420 ]
707 silly gunzTarPerm extractEntry example/whiteboard/node_modules/express/index.js
708 silly gunzTarPerm modified mode [ 'example/whiteboard/node_modules/express/index.js', 438, 420 ]
709 silly gunzTarPerm extractEntry example/whiteboard/node_modules/express/lib/express.js
710 silly gunzTarPerm modified mode [ 'example/whiteboard/node_modules/express/lib/express.js',
710 silly gunzTarPerm   438,
710 silly gunzTarPerm   420 ]
711 silly gunzTarPerm extractEntry example/whiteboard/node_modules/express/lib/http.js
712 silly gunzTarPerm modified mode [ 'example/whiteboard/node_modules/express/lib/http.js',
712 silly gunzTarPerm   438,
712 silly gunzTarPerm   420 ]
713 silly gunzTarPerm extractEntry example/whiteboard/node_modules/express/lib/https.js
714 silly gunzTarPerm modified mode [ 'example/whiteboard/node_modules/express/lib/https.js',
714 silly gunzTarPerm   438,
714 silly gunzTarPerm   420 ]
715 silly gunzTarPerm extractEntry example/whiteboard/node_modules/express/lib/request.js
716 silly gunzTarPerm modified mode [ 'example/whiteboard/node_modules/express/lib/request.js',
716 silly gunzTarPerm   438,
716 silly gunzTarPerm   420 ]
717 silly gunzTarPerm extractEntry example/whiteboard/node_modules/express/lib/response.js
718 silly gunzTarPerm modified mode [ 'example/whiteboard/node_modules/express/lib/response.js',
718 silly gunzTarPerm   438,
718 silly gunzTarPerm   420 ]
719 silly gunzTarPerm extractEntry example/whiteboard/node_modules/express/lib/utils.js
720 silly gunzTarPerm modified mode [ 'example/whiteboard/node_modules/express/lib/utils.js',
720 silly gunzTarPerm   438,
720 silly gunzTarPerm   420 ]
721 silly gunzTarPerm extractEntry example/whiteboard/node_modules/express/lib/view.js
722 silly gunzTarPerm modified mode [ 'example/whiteboard/node_modules/express/lib/view.js',
722 silly gunzTarPerm   438,
722 silly gunzTarPerm   420 ]
723 silly gunzTarPerm extractEntry example/whiteboard/node_modules/express/lib/router/collection.js
724 silly gunzTarPerm modified mode [ 'example/whiteboard/node_modules/express/lib/router/collection.js',
724 silly gunzTarPerm   438,
724 silly gunzTarPerm   420 ]
725 silly gunzTarPerm extractEntry example/whiteboard/node_modules/express/lib/router/index.js
726 silly gunzTarPerm modified mode [ 'example/whiteboard/node_modules/express/lib/router/index.js',
726 silly gunzTarPerm   438,
726 silly gunzTarPerm   420 ]
727 silly gunzTarPerm extractEntry example/whiteboard/node_modules/express/lib/router/methods.js
728 silly gunzTarPerm modified mode [ 'example/whiteboard/node_modules/express/lib/router/methods.js',
728 silly gunzTarPerm   438,
728 silly gunzTarPerm   420 ]
729 silly gunzTarPerm extractEntry example/whiteboard/node_modules/express/lib/router/route.js
730 silly gunzTarPerm modified mode [ 'example/whiteboard/node_modules/express/lib/router/route.js',
730 silly gunzTarPerm   438,
730 silly gunzTarPerm   420 ]
731 silly gunzTarPerm extractEntry example/whiteboard/node_modules/express/lib/view/partial.js
732 silly gunzTarPerm modified mode [ 'example/whiteboard/node_modules/express/lib/view/partial.js',
732 silly gunzTarPerm   438,
732 silly gunzTarPerm   420 ]
733 silly gunzTarPerm extractEntry example/whiteboard/node_modules/express/lib/view/view.js
734 silly gunzTarPerm modified mode [ 'example/whiteboard/node_modules/express/lib/view/view.js',
734 silly gunzTarPerm   438,
734 silly gunzTarPerm   420 ]
735 silly gunzTarPerm extractEntry example/whiteboard/node_modules/express/bin/express
736 silly gunzTarPerm modified mode [ 'example/whiteboard/node_modules/express/bin/express',
736 silly gunzTarPerm   438,
736 silly gunzTarPerm   420 ]
737 silly gunzTarPerm extractEntry example/whiteboard/node_modules/express/Makefile
738 silly gunzTarPerm modified mode [ 'example/whiteboard/node_modules/express/Makefile', 438, 420 ]
739 silly gunzTarPerm extractEntry example/whiteboard/node_modules/express/History.md
740 silly gunzTarPerm modified mode [ 'example/whiteboard/node_modules/express/History.md',
740 silly gunzTarPerm   438,
740 silly gunzTarPerm   420 ]
741 silly gunzTarPerm extractEntry example/whiteboard/node_modules/express/Readme.md
742 silly gunzTarPerm modified mode [ 'example/whiteboard/node_modules/express/Readme.md', 438, 420 ]
743 silly gunzTarPerm extractEntry example/whiteboard/node_modules/express/testing/index.js
744 silly gunzTarPerm modified mode [ 'example/whiteboard/node_modules/express/testing/index.js',
744 silly gunzTarPerm   438,
744 silly gunzTarPerm   420 ]
745 silly gunzTarPerm extractEntry example/whiteboard/node_modules/express/testing/foo/package.json
746 silly gunzTarPerm modified mode [ 'example/whiteboard/node_modules/express/testing/foo/package.json',
746 silly gunzTarPerm   438,
746 silly gunzTarPerm   420 ]
747 silly gunzTarPerm extractEntry example/whiteboard/node_modules/express/testing/foo/app.js
748 silly gunzTarPerm modified mode [ 'example/whiteboard/node_modules/express/testing/foo/app.js',
748 silly gunzTarPerm   438,
748 silly gunzTarPerm   420 ]
749 silly gunzTarPerm extractEntry example/whiteboard/node_modules/express/testing/foo/public/stylesheets/style.css
750 silly gunzTarPerm modified mode [ 'example/whiteboard/node_modules/express/testing/foo/public/stylesheets/style.css',
750 silly gunzTarPerm   438,
750 silly gunzTarPerm   420 ]
751 silly gunzTarPerm extractEntry example/whiteboard/node_modules/express/testing/foo/routes/index.js
752 silly gunzTarPerm modified mode [ 'example/whiteboard/node_modules/express/testing/foo/routes/index.js',
752 silly gunzTarPerm   438,
752 silly gunzTarPerm   420 ]
753 silly gunzTarPerm extractEntry example/whiteboard/node_modules/express/testing/foo/views/index.jade
754 silly gunzTarPerm modified mode [ 'example/whiteboard/node_modules/express/testing/foo/views/index.jade',
754 silly gunzTarPerm   438,
754 silly gunzTarPerm   420 ]
755 silly gunzTarPerm extractEntry example/whiteboard/node_modules/express/testing/foo/views/layout.jade
756 silly gunzTarPerm modified mode [ 'example/whiteboard/node_modules/express/testing/foo/views/layout.jade',
756 silly gunzTarPerm   438,
756 silly gunzTarPerm   420 ]
757 silly gunzTarPerm extractEntry example/whiteboard/node_modules/express/testing/public/test.txt
758 silly gunzTarPerm modified mode [ 'example/whiteboard/node_modules/express/testing/public/test.txt',
758 silly gunzTarPerm   438,
758 silly gunzTarPerm   420 ]
759 silly gunzTarPerm extractEntry example/whiteboard/node_modules/express/testing/views/page.html
760 silly gunzTarPerm modified mode [ 'example/whiteboard/node_modules/express/testing/views/page.html',
760 silly gunzTarPerm   438,
760 silly gunzTarPerm   420 ]
761 silly gunzTarPerm extractEntry example/whiteboard/node_modules/express/testing/views/page.jade
762 silly gunzTarPerm modified mode [ 'example/whiteboard/node_modules/express/testing/views/page.jade',
762 silly gunzTarPerm   438,
762 silly gunzTarPerm   420 ]
763 silly gunzTarPerm extractEntry example/whiteboard/node_modules/express/testing/views/test.md
764 silly gunzTarPerm modified mode [ 'example/whiteboard/node_modules/express/testing/views/test.md',
764 silly gunzTarPerm   438,
764 silly gunzTarPerm   420 ]
765 silly gunzTarPerm extractEntry example/whiteboard/node_modules/express/testing/views/user/index.jade
766 silly gunzTarPerm modified mode [ 'example/whiteboard/node_modules/express/testing/views/user/index.jade',
766 silly gunzTarPerm   438,
766 silly gunzTarPerm   420 ]
767 silly gunzTarPerm extractEntry example/whiteboard/node_modules/express/testing/views/user/list.jade
768 silly gunzTarPerm modified mode [ 'example/whiteboard/node_modules/express/testing/views/user/list.jade',
768 silly gunzTarPerm   438,
768 silly gunzTarPerm   420 ]
769 silly gunzTarPerm extractEntry lib/Constants.js
770 silly gunzTarPerm modified mode [ 'lib/Constants.js', 438, 420 ]
771 silly gunzTarPerm extractEntry lib/Validation.js
772 silly gunzTarPerm modified mode [ 'lib/Validation.js', 438, 420 ]
773 silly gunzTarPerm extractEntry lib/websocket.js
774 silly gunzTarPerm modified mode [ 'lib/websocket.js', 438, 420 ]
775 silly gunzTarPerm extractEntry lib/WebSocketClient.js
776 silly gunzTarPerm modified mode [ 'lib/WebSocketClient.js', 438, 420 ]
777 silly gunzTarPerm extractEntry lib/utils.js
778 silly gunzTarPerm modified mode [ 'lib/utils.js', 438, 420 ]
779 silly gunzTarPerm extractEntry lib/WebSocketFrame.js
780 silly gunzTarPerm modified mode [ 'lib/WebSocketFrame.js', 438, 420 ]
781 silly gunzTarPerm extractEntry lib/WebSocketRequest.js
782 silly gunzTarPerm modified mode [ 'lib/WebSocketRequest.js', 438, 420 ]
783 silly gunzTarPerm extractEntry lib/WebSocketRouter.js
784 silly gunzTarPerm modified mode [ 'lib/WebSocketRouter.js', 438, 420 ]
785 silly gunzTarPerm extractEntry lib/WebSocketRouterRequest.js
786 silly gunzTarPerm modified mode [ 'lib/WebSocketRouterRequest.js', 438, 420 ]
787 silly gunzTarPerm extractEntry lib/WebSocketServer.js
788 silly gunzTarPerm modified mode [ 'lib/WebSocketServer.js', 438, 420 ]
789 silly gunzTarPerm extractEntry lib/WebSocketConnection.js
790 silly gunzTarPerm modified mode [ 'lib/WebSocketConnection.js', 438, 420 ]
791 silly gunzTarPerm extractEntry src/validation.cc
792 silly gunzTarPerm modified mode [ 'src/validation.cc', 438, 420 ]
793 silly gunzTarPerm extractEntry vendor/FastBufferList.js
794 silly gunzTarPerm modified mode [ 'vendor/FastBufferList.js', 438, 420 ]
795 silly gunzTarPerm extractEntry vendor/node-ctype/ctio-faster.js
796 silly gunzTarPerm modified mode [ 'vendor/node-ctype/ctio-faster.js', 438, 420 ]
797 silly gunzTarPerm extractEntry wscript
798 silly gunzTarPerm modified mode [ 'wscript', 438, 420 ]
799 verbose read json C:\Users\LallarN\Documents\GitHub\HTML5-playground\connect4_node_server\node_modules\websocket\package.json
800 info preinstall websocket@1.0.6
801 verbose from cache C:\Users\LallarN\Documents\GitHub\HTML5-playground\connect4_node_server\node_modules\websocket\package.json
802 verbose readDependencies using package.json deps
803 verbose from cache C:\Users\LallarN\Documents\GitHub\HTML5-playground\connect4_node_server\node_modules\websocket\package.json
804 verbose readDependencies using package.json deps
805 silly resolved []
806 verbose about to build C:\Users\LallarN\Documents\GitHub\HTML5-playground\connect4_node_server\node_modules\websocket
807 info build C:\Users\LallarN\Documents\GitHub\HTML5-playground\connect4_node_server\node_modules\websocket
808 verbose from cache C:\Users\LallarN\Documents\GitHub\HTML5-playground\connect4_node_server\node_modules\websocket\package.json
809 verbose linkStuff [ false,
809 verbose linkStuff   false,
809 verbose linkStuff   false,
809 verbose linkStuff   'C:\\Users\\LallarN\\Documents\\GitHub\\HTML5-playground\\connect4_node_server\\node_modules' ]
810 info linkStuff websocket@1.0.6
811 verbose linkBins websocket@1.0.6
812 verbose linkMans websocket@1.0.6
813 verbose rebuildBundles websocket@1.0.6
814 info install websocket@1.0.6
815 verbose unsafe-perm in lifecycle true
816 silly exec cmd "/c" "node-gyp rebuild"
817 silly cmd,/c,node-gyp rebuild,C:\Users\LallarN\Documents\GitHub\HTML5-playground\connect4_node_server\node_modules\websocket spawning
818 info websocket@1.0.6 Failed to exec install script
819 info C:\Users\LallarN\Documents\GitHub\HTML5-playground\connect4_node_server\node_modules\websocket unbuild
820 verbose from cache C:\Users\LallarN\Documents\GitHub\HTML5-playground\connect4_node_server\node_modules\websocket\package.json
821 info preuninstall websocket@1.0.6
822 info uninstall websocket@1.0.6
823 verbose true,C:\Users\LallarN\Documents\GitHub\HTML5-playground\connect4_node_server\node_modules,C:\Users\LallarN\Documents\GitHub\HTML5-playground\connect4_node_server\node_modules unbuild websocket@1.0.6
824 info postuninstall websocket@1.0.6
825 error websocket@1.0.6 install: `node-gyp rebuild`
825 error `cmd "/c" "node-gyp rebuild"` failed with 1
826 error Failed at the websocket@1.0.6 install script.
826 error This is most likely a problem with the websocket package,
826 error not with npm itself.
826 error Tell the author that this fails on your system:
826 error     node-gyp rebuild
826 error You can get their info via:
826 error     npm owner ls websocket
826 error There is likely additional logging output above.
827 error System Windows_NT 6.1.7601
828 error command "C:\\Program Files (x86)\\nodejs\\\\node.exe" "C:\\Program Files (x86)\\nodejs\\node_modules\\npm\\bin\\npm-cli.js" "install" "websocket"
829 error cwd C:\Users\LallarN\Documents\GitHub\HTML5-playground\connect4_node_server
830 error node -v v0.8.1
831 error npm -v 1.1.33
832 error code ELIFECYCLE
833 error message websocket@1.0.6 install: `node-gyp rebuild`
833 error message `cmd "/c" "node-gyp rebuild"` failed with 1
834 verbose exit [ 1, true ]
